1682548303|&|60|&|info|&|DmrppRequestHandler::DmrppRequestHandler() - Concurrent Transfer Threads: Enabled. max_transfer_threads: 16
1682548303|&|60|&|info|&|DmrppRequestHandler::DmrppRequestHandler() - Concurrent Compute Threads: Enabled. max_compute_threads: 512
1682548303|&|60|&|info|&|DmrppRequestHandler::DmrppRequestHandler() - Contiguous Concurrency Threshold: 2097152 bytes.
1682548303|&|62|&|info|&|DmrppRequestHandler::DmrppRequestHandler() - Concurrent Transfer Threads: Enabled. max_transfer_threads: 16
1682548303|&|62|&|info|&|DmrppRequestHandler::DmrppRequestHandler() - Concurrent Compute Threads: Enabled. max_compute_threads: 512
1682548303|&|62|&|info|&|DmrppRequestHandler::DmrppRequestHandler() - Contiguous Concurrency Threshold: 2097152 bytes.
1682548358|&|167|&|timing|&|elapsed_us|&|15|&|start_us|&|1682548358026827|&|stop_us|&|1682548358026842|&|[thread:http-nio-8080-exec-13-35][bes_client:/-0]|&|NCRequestHandler::nc_build_version
1682548358|&|167|&|timing|&|elapsed_us|&|10|&|start_us|&|1682548358026974|&|stop_us|&|1682548358026984|&|[thread:http-nio-8080-exec-13-35][bes_client:/-0]|&|show version; transmitting
1682548358|&|167|&|timing|&|elapsed_us|&|682|&|start_us|&|1682548358026315|&|stop_us|&|1682548358026997|&|-|&|BESInterface::execute_request
1682548358|&|167|&|timing|&|elapsed_us|&|834|&|start_us|&|1682548358026220|&|stop_us|&|1682548358027054|&|-|&|BESServerHandler::execute
1682548358|&|167|&|timing|&|elapsed_us|&|187471|&|start_us|&|1682548358134510|&|stop_us|&|1682548358321981|&|-|&|RemoteResource::get_url() - source url: https://cmr.earthdata.nasa.gov/search/granules.umm_json_v1_4?collection_concept_id=C2146321631-POCLOUD&granule_ur=cyg07.ddmi.s20180801-000000-e20180801-235959.l1.power-brcs.a31.d32
1682548358|&|167|&|timing|&|elapsed_us|&|13|&|start_us|&|1682548358322463|&|stop_us|&|1682548358322476|&|http-nio-8080-exec-13:35[bes_client:/-0]|&|set container in ngap values ngapContainer,collections/C2146321631-POCLOUD/granules/cyg07.ddmi.s20180801-000000-e20180801-235959.l1.power-brcs.a31.d32; transmitting
1682548358|&|167|&|timing|&|elapsed_us|&|7|&|start_us|&|1682548358322505|&|stop_us|&|1682548358322512|&|http-nio-8080-exec-13:35[bes_client:/-0]|&|define d1 in default as ngapContainer; transmitting
1682548358|&|167|&|request|&|OLFS|&|10.7.245.24|&|Python#3#11 aiohttp#3#8#3|&|FDEEBE6BB97F8E8E2C40592657B61BD7|&|jhrg|&|1682548357969|&|2|&|HTTP-GET|&|/hyrax/ngap/collections/C2146321631-POCLOUD/granules/cyg07.ddmi.s20180801-000000-e20180801-235959.l1.power-brcs.a31.d32.dap.nc4|&|-|&|BES|&|get.dap|&|netcdf-4|&|https://archive.podaac.earthdata.nasa.gov/podaac-ops-cumulus-protected/CYGNSS_L1_V3.1/cyg07.ddmi.s20180801-000000-e20180801-235959.l1.power-brcs.a31.d32.nc
1682548361|&|167|&|timing|&|elapsed_us|&|3126335|&|start_us|&|1682548358324187|&|stop_us|&|1682548361450522|&|-|&|RemoteResource::get_url() - source url: https://archive.podaac.earthdata.nasa.gov/podaac-ops-cumulus-protected/CYGNSS_L1_V3.1/cyg07.ddmi.s20180801-000000-e20180801-235959.l1.power-brcs.a31.d32.nc.dmrpp
1682548361|&|167|&|timing|&|elapsed_us|&|5002|&|start_us|&|1682548361456626|&|stop_us|&|1682548361461628|&|http-nio-8080-exec-13:35[bes_client:/-0]|&|DmrppRequestHandler::dap_build_dap4data() - timer
1682548361|&|167|&|timing|&|elapsed_us|&|22|&|start_us|&|1682548361461797|&|stop_us|&|1682548361461819|&|-|&|BESDapResponseBuilder::dap4_process_ce_for_intern_data() - Timer
1682548363|&|167|&|timing|&|elapsed_us|&|2444691|&|start_us|&|1682548361506334|&|stop_us|&|1682548363951025|&|-|&|CurlUtils::retrieve_effective_url() -  Following Redirects Starting With: https://archive.podaac.earthdata.nasa.gov/podaac-ops-cumulus-protected/CYGNSS_L1_V3.1/cyg07.ddmi.s20180801-000000-e20180801-235959.l1.power-brcs.a31.d32.nc
1682548363|&|167|&|info|&|CurlUtils::retrieve_effective_url() - Source URL: 'https://archive.podaac.earthdata.nasa.gov/podaac-ops-cumulus-protected/CYGNSS_L1_V3.1/cyg07.ddmi.s20180801-000000-e20180801-235959.l1.power-brcs.a31.d32.nc(trusted)' CURLINFO_EFFECTIVE_URL: 'https://podaac-ops-cumulus-protected.s3.us-west-2.amazonaws.com/CYGNSS_L1_V3.1/cyg07.ddmi.s20180801-000000-e20180801-235959.l1.power-brcs.a31.d32.nc?A-userid=jhrg'(trusted)
1682548364|&|167|&|timing|&|elapsed_us|&|166928|&|start_us|&|1682548363955986|&|stop_us|&|1682548364122914|&|-|&|DmrppArray::read_super_chunks_unconstrained_concurrent() -  name: bit_ratio_lo_hi_zenith
1682548364|&|167|&|timing|&|elapsed_us|&|129091|&|start_us|&|1682548364126370|&|stop_us|&|1682548364255461|&|-|&|DmrppArray::read_super_chunks_unconstrained_concurrent() -  name: inst_gain
1682548364|&|167|&|timing|&|elapsed_us|&|174658|&|start_us|&|1682548364259812|&|stop_us|&|1682548364434470|&|-|&|DmrppArray::read_super_chunks_unconstrained_concurrent() -  name: sp_lon
1682548364|&|167|&|timing|&|elapsed_us|&|265353|&|start_us|&|1682548364438838|&|stop_us|&|1682548364704191|&|-|&|DmrppArray::read_super_chunks_unconstrained_concurrent() -  name: sp_pos_x
1682548364|&|167|&|timing|&|elapsed_us|&|107750|&|start_us|&|1682548364708684|&|stop_us|&|1682548364816434|&|-|&|DmrppArray::read_super_chunks_unconstrained_concurrent() -  name: sc_pitch_att
1682548366|&|167|&|timing|&|elapsed_us|&|2113500|&|start_us|&|1682548364819783|&|stop_us|&|1682548366933283|&|-|&|DmrppArray::read_super_chunks_unconstrained_concurrent() -  name: raw_counts
1682548372|&|167|&|timing|&|elapsed_us|&|278678|&|start_us|&|1682548371879373|&|stop_us|&|1682548372158051|&|-|&|DmrppArray::read_super_chunks_unconstrained_concurrent() -  name: sp_rx_gain
1682548372|&|167|&|timing|&|elapsed_us|&|71191|&|start_us|&|1682548372161919|&|stop_us|&|1682548372233110|&|-|&|DmrppArray::read_super_chunks_unconstrained_concurrent() -  name: pvt_timestamp_utc
1682548372|&|167|&|timing|&|elapsed_us|&|66706|&|start_us|&|1682548372236475|&|stop_us|&|1682548372303181|&|-|&|DmrppArray::read_super_chunks_unconstrained_concurrent() -  name: fsw_comp_delay_shift
1682548372|&|167|&|timing|&|elapsed_us|&|106863|&|start_us|&|1682548372306939|&|stop_us|&|1682548372413802|&|-|&|DmrppArray::read_super_chunks_unconstrained_concurrent() -  name: sc_pos_z_pvt
1682548372|&|167|&|timing|&|elapsed_us|&|167893|&|start_us|&|1682548372417054|&|stop_us|&|1682548372584947|&|-|&|DmrppArray::read_super_chunks_unconstrained_concurrent() -  name: lna_temp_zenith
1682548372|&|167|&|timing|&|elapsed_us|&|105453|&|start_us|&|1682548372588214|&|stop_us|&|1682548372693667|&|-|&|DmrppArray::read_super_chunks_unconstrained_concurrent() -  name: tx_pos_x
1682548372|&|167|&|timing|&|elapsed_us|&|68412|&|start_us|&|1682548372697582|&|stop_us|&|1682548372765994|&|-|&|DmrppArray::read_super_chunks_unconstrained_concurrent() -  name: att_timestamp_utc
1682548372|&|167|&|timing|&|elapsed_us|&|79165|&|start_us|&|1682548372787003|&|stop_us|&|1682548372866168|&|-|&|DmrppArray::read_super_chunks_unconstrained_concurrent() -  name: sc_pos_z
1682548376|&|167|&|timing|&|elapsed_us|&|3754970|&|start_us|&|1682548372869527|&|stop_us|&|1682548376624497|&|-|&|DmrppArray::read_super_chunks_unconstrained_concurrent() -  name: eff_scatter
1682548383|&|167|&|timing|&|elapsed_us|&|65061|&|start_us|&|1682548383873733|&|stop_us|&|1682548383938794|&|-|&|DmrppArray::read_super_chunks_unconstrained_concurrent() -  name: sc_lat
1682548384|&|167|&|timing|&|elapsed_us|&|67610|&|start_us|&|1682548383941957|&|stop_us|&|1682548384009567|&|-|&|DmrppArray::read_super_chunks_unconstrained_concurrent() -  name: rx_clk_bias_rate_pvt
1682548384|&|167|&|timing|&|elapsed_us|&|24817|&|start_us|&|1682548384012694|&|stop_us|&|1682548384037511|&|-|&|DmrppArray::read_super_chunks_unconstrained_concurrent() -  name: bit_ratio_lo_hi_port
1682548384|&|167|&|timing|&|elapsed_us|&|163788|&|start_us|&|1682548384040730|&|stop_us|&|1682548384204518|&|-|&|DmrppArray::read_super_chunks_unconstrained_concurrent() -  name: sc_yaw_att
1682548384|&|167|&|timing|&|elapsed_us|&|107695|&|start_us|&|1682548384207738|&|stop_us|&|1682548384315433|&|-|&|DmrppArray::read_super_chunks_unconstrained_concurrent() -  name: sp_alt
1682548384|&|167|&|timing|&|elapsed_us|&|84493|&|start_us|&|1682548384319319|&|stop_us|&|1682548384403812|&|-|&|DmrppArray::read_super_chunks_unconstrained_concurrent() -  name: sv_num
1682548384|&|167|&|timing|&|elapsed_us|&|79854|&|start_us|&|1682548384407942|&|stop_us|&|1682548384487796|&|-|&|DmrppArray::read_super_chunks_unconstrained_concurrent() -  name: sc_vel_z_pvt
1682548384|&|167|&|timing|&|elapsed_us|&|60831|&|start_us|&|1682548384491039|&|stop_us|&|1682548384551870|&|-|&|DmrppArray::read_super_chunks_unconstrained_concurrent() -  name: zenith_sig_i2q2
1682548384|&|167|&|timing|&|elapsed_us|&|39609|&|start_us|&|1682548384556019|&|stop_us|&|1682548384595628|&|-|&|DmrppArray::read_super_chunks_unconstrained_concurrent() -  name: sc_yaw
1682548384|&|167|&|timing|&|elapsed_us|&|60004|&|start_us|&|1682548384628623|&|stop_us|&|1682548384688627|&|-|&|DmrppArray::read_super_chunks_unconstrained_concurrent() -  name: nst_att_status
1682548384|&|167|&|timing|&|elapsed_us|&|46375|&|start_us|&|1682548384691769|&|stop_us|&|1682548384738144|&|-|&|DmrppArray::read_super_chunks_unconstrained_concurrent() -  name: ddm_noise_floor
1682548384|&|167|&|timing|&|elapsed_us|&|131445|&|start_us|&|1682548384742495|&|stop_us|&|1682548384873940|&|-|&|DmrppArray::read_super_chunks_unconstrained_concurrent() -  name: sp_theta_orbit
1682548384|&|167|&|timing|&|elapsed_us|&|48348|&|start_us|&|1682548384878428|&|stop_us|&|1682548384926776|&|-|&|DmrppArray::read_super_chunks_unconstrained_concurrent() -  name: ddm_noise_floor_corrected
1682548384|&|167|&|timing|&|elapsed_us|&|47920|&|start_us|&|1682548384931237|&|stop_us|&|1682548384979157|&|-|&|DmrppArray::read_super_chunks_unconstrained_concurrent() -  name: sp_pos_y
1682548385|&|167|&|timing|&|elapsed_us|&|48519|&|start_us|&|1682548384983654|&|stop_us|&|1682548385032173|&|-|&|DmrppArray::read_super_chunks_unconstrained_concurrent() -  name: sp_theta_body
1682548385|&|167|&|timing|&|elapsed_us|&|28415|&|start_us|&|1682548385036661|&|stop_us|&|1682548385065076|&|-|&|DmrppArray::read_super_chunks_unconstrained_concurrent() -  name: fsw_comp_dopp_shift
1682548385|&|167|&|timing|&|elapsed_us|&|46009|&|start_us|&|1682548385069542|&|stop_us|&|1682548385115551|&|-|&|DmrppArray::read_super_chunks_unconstrained_concurrent() -  name: gps_ant_gain_db_i
1682548385|&|167|&|timing|&|elapsed_us|&|61187|&|start_us|&|1682548385120130|&|stop_us|&|1682548385181317|&|-|&|DmrppArray::read_super_chunks_unconstrained_concurrent() -  name: zenith_sig_i2q2_add_correction
1682548385|&|167|&|timing|&|elapsed_us|&|125328|&|start_us|&|1682548385185885|&|stop_us|&|1682548385311213|&|-|&|DmrppArray::read_super_chunks_unconstrained_concurrent() -  name: tx_vel_x
1682548385|&|167|&|timing|&|elapsed_us|&|24644|&|start_us|&|1682548385315726|&|stop_us|&|1682548385340370|&|-|&|DmrppArray::read_super_chunks_unconstrained_concurrent() -  name: brcs_ddm_peak_bin_dopp_col
1682548385|&|167|&|timing|&|elapsed_us|&|28775|&|start_us|&|1682548385343973|&|stop_us|&|1682548385372748|&|-|&|DmrppArray::read_super_chunks_unconstrained_concurrent() -  name: ddm_timestamp_utc
1682548385|&|167|&|timing|&|elapsed_us|&|24978|&|start_us|&|1682548385376303|&|stop_us|&|1682548385401281|&|-|&|DmrppArray::read_super_chunks_unconstrained_concurrent() -  name: lna_temp_nadir_starboard
1682548385|&|167|&|timing|&|elapsed_us|&|140636|&|start_us|&|1682548385404414|&|stop_us|&|1682548385545050|&|-|&|DmrppArray::read_super_chunks_unconstrained_concurrent() -  name: sc_vel_x_pvt
1682548385|&|167|&|timing|&|elapsed_us|&|82565|&|start_us|&|1682548385548468|&|stop_us|&|1682548385631033|&|-|&|DmrppArray::read_super_chunks_unconstrained_concurrent() -  name: sp_inc_angle
1682548385|&|167|&|timing|&|elapsed_us|&|38841|&|start_us|&|1682548385635438|&|stop_us|&|1682548385674279|&|-|&|DmrppArray::read_super_chunks_unconstrained_concurrent() -  name: rx_clk_bias_pvt
1682548385|&|167|&|timing|&|elapsed_us|&|34810|&|start_us|&|1682548385677538|&|stop_us|&|1682548385712348|&|-|&|DmrppArray::read_super_chunks_unconstrained_concurrent() -  name: lna_noise_figure
1682548385|&|167|&|timing|&|elapsed_us|&|57268|&|start_us|&|1682548385716620|&|stop_us|&|1682548385773888|&|-|&|DmrppArray::read_super_chunks_unconstrained_concurrent() -  name: tx_pos_z
1682548385|&|167|&|timing|&|elapsed_us|&|49953|&|start_us|&|1682548385778449|&|stop_us|&|1682548385828402|&|-|&|DmrppArray::read_super_chunks_unconstrained_concurrent() -  name: zenith_code_phase
1682548385|&|167|&|timing|&|elapsed_us|&|31712|&|start_us|&|1682548385832933|&|stop_us|&|1682548385864645|&|-|&|DmrppArray::read_super_chunks_unconstrained_concurrent() -  name: ddm_timestamp_gps_sec
1682548385|&|167|&|timing|&|elapsed_us|&|56675|&|start_us|&|1682548385868226|&|stop_us|&|1682548385924901|&|-|&|DmrppArray::read_super_chunks_unconstrained_concurrent() -  name: ddm_snr
1682548385|&|167|&|timing|&|elapsed_us|&|60332|&|start_us|&|1682548385929293|&|stop_us|&|1682548385989625|&|-|&|DmrppArray::read_super_chunks_unconstrained_concurrent() -  name: sc_pos_x_pvt
1682548388|&|167|&|timing|&|elapsed_us|&|2828482|&|start_us|&|1682548385992873|&|stop_us|&|1682548388821355|&|-|&|DmrppArray::read_super_chunks_unconstrained_concurrent() -  name: brcs
1682548395|&|167|&|timing|&|elapsed_us|&|71275|&|start_us|&|1682548395220698|&|stop_us|&|1682548395291973|&|-|&|DmrppArray::read_super_chunks_unconstrained_concurrent() -  name: sc_lon
1682548395|&|167|&|timing|&|elapsed_us|&|25100|&|start_us|&|1682548395295128|&|stop_us|&|1682548395320228|&|-|&|DmrppArray::read_super_chunks_unconstrained_concurrent() -  name: att_timestamp_gps_sec
1682548395|&|167|&|timing|&|elapsed_us|&|30039|&|start_us|&|1682548395323493|&|stop_us|&|1682548395353532|&|-|&|DmrppArray::read_super_chunks_unconstrained_concurrent() -  name: pvt_timestamp_gps_sec
1682548395|&|167|&|timing|&|elapsed_us|&|60216|&|start_us|&|1682548395356925|&|stop_us|&|1682548395417141|&|-|&|DmrppArray::read_super_chunks_unconstrained_concurrent() -  name: sp_ddmi_dopp
1682548395|&|167|&|timing|&|elapsed_us|&|26902|&|start_us|&|1682548395420992|&|stop_us|&|1682548395447894|&|-|&|DmrppArray::read_super_chunks_unconstrained_concurrent() -  name: track_id
1682548395|&|167|&|timing|&|elapsed_us|&|26744|&|start_us|&|1682548395452346|&|stop_us|&|1682548395479090|&|-|&|DmrppArray::read_super_chunks_unconstrained_concurrent() -  name: sc_pos_y_pvt
1682548395|&|167|&|timing|&|elapsed_us|&|45653|&|start_us|&|1682548395482272|&|stop_us|&|1682548395527925|&|-|&|DmrppArray::read_super_chunks_unconstrained_concurrent() -  name: brcs_ddm_sp_bin_dopp_col
1682548395|&|167|&|timing|&|elapsed_us|&|59907|&|start_us|&|1682548395532205|&|stop_us|&|1682548395592112|&|-|&|DmrppArray::read_super_chunks_unconstrained_concurrent() -  name: sp_ddmi_dopp_correction
1682548395|&|167|&|timing|&|elapsed_us|&|47564|&|start_us|&|1682548395596652|&|stop_us|&|1682548395644216|&|-|&|DmrppArray::read_super_chunks_unconstrained_concurrent() -  name: sp_dopp_error
1682548395|&|167|&|timing|&|elapsed_us|&|26945|&|start_us|&|1682548395648719|&|stop_us|&|1682548395675664|&|-|&|DmrppArray::read_super_chunks_unconstrained_concurrent() -  name: sc_vel_z
1682548395|&|167|&|timing|&|elapsed_us|&|34545|&|start_us|&|1682548395678828|&|stop_us|&|1682548395713373|&|-|&|DmrppArray::read_super_chunks_unconstrained_concurrent() -  name: tx_vel_z
1682548395|&|167|&|timing|&|elapsed_us|&|50485|&|start_us|&|1682548395717603|&|stop_us|&|1682548395768088|&|-|&|DmrppArray::read_super_chunks_unconstrained_concurrent() -  name: tx_to_sp_range
1682548395|&|167|&|timing|&|elapsed_us|&|29598|&|start_us|&|1682548395772707|&|stop_us|&|1682548395802305|&|-|&|DmrppArray::read_super_chunks_unconstrained_concurrent() -  name: noise_correction
1682548395|&|167|&|timing|&|elapsed_us|&|24591|&|start_us|&|1682548395806737|&|stop_us|&|1682548395831328|&|-|&|DmrppArray::read_super_chunks_unconstrained_concurrent() -  name: sc_vel_y_pvt
1682548395|&|167|&|timing|&|elapsed_us|&|27892|&|start_us|&|1682548395834477|&|stop_us|&|1682548395862369|&|-|&|DmrppArray::read_super_chunks_unconstrained_concurrent() -  name: sc_pos_x
1682548395|&|167|&|timing|&|elapsed_us|&|25068|&|start_us|&|1682548395865701|&|stop_us|&|1682548395890769|&|-|&|DmrppArray::read_super_chunks_unconstrained_concurrent() -  name: sample
1682548395|&|167|&|timing|&|elapsed_us|&|49927|&|start_us|&|1682548395894201|&|stop_us|&|1682548395944128|&|-|&|DmrppArray::read_super_chunks_unconstrained_concurrent() -  name: sp_az_body
1682548395|&|167|&|timing|&|elapsed_us|&|36397|&|start_us|&|1682548395948495|&|stop_us|&|1682548395984892|&|-|&|DmrppArray::read_super_chunks_unconstrained_concurrent() -  name: sp_vel_z
1682548396|&|167|&|timing|&|elapsed_us|&|24671|&|start_us|&|1682548395989384|&|stop_us|&|1682548396014055|&|-|&|DmrppArray::read_super_chunks_unconstrained_concurrent() -  name: bit_null_offset_port
1682548396|&|167|&|timing|&|elapsed_us|&|25176|&|start_us|&|1682548396017207|&|stop_us|&|1682548396042383|&|-|&|DmrppArray::read_super_chunks_unconstrained_concurrent() -  name: sc_vel_x
1682548396|&|167|&|timing|&|elapsed_us|&|27902|&|start_us|&|1682548396045661|&|stop_us|&|1682548396073563|&|-|&|DmrppArray::read_super_chunks_unconstrained_concurrent() -  name: rx_clk_bias
1682548396|&|167|&|timing|&|elapsed_us|&|25638|&|start_us|&|1682548396076988|&|stop_us|&|1682548396102626|&|-|&|DmrppArray::read_super_chunks_unconstrained_concurrent() -  name: status_flags_one_hz
1682548396|&|167|&|timing|&|elapsed_us|&|29696|&|start_us|&|1682548396106030|&|stop_us|&|1682548396135726|&|-|&|DmrppArray::read_super_chunks_unconstrained_concurrent() -  name: brcs_ddm_peak_bin_delay_row
1682548396|&|167|&|timing|&|elapsed_us|&|24412|&|start_us|&|1682548396139449|&|stop_us|&|1682548396163861|&|-|&|DmrppArray::read_super_chunks_unconstrained_concurrent() -  name: sc_roll_att
1682548396|&|167|&|timing|&|elapsed_us|&|23796|&|start_us|&|1682548396167283|&|stop_us|&|1682548396191079|&|-|&|DmrppArray::read_super_chunks_unconstrained_concurrent() -  name: pvt_timestamp_gps_week
1682548396|&|167|&|timing|&|elapsed_us|&|23346|&|start_us|&|1682548396194464|&|stop_us|&|1682548396217810|&|-|&|DmrppArray::read_super_chunks_unconstrained_concurrent() -  name: sc_vel_y
1682548396|&|167|&|timing|&|elapsed_us|&|48858|&|start_us|&|1682548396221302|&|stop_us|&|1682548396270160|&|-|&|DmrppArray::read_super_chunks_unconstrained_concurrent() -  name: gps_off_boresight_angle_deg
1682548396|&|167|&|timing|&|elapsed_us|&|40428|&|start_us|&|1682548396274544|&|stop_us|&|1682548396314972|&|-|&|DmrppArray::read_super_chunks_unconstrained_concurrent() -  name: ddm_nbrcs
1682548396|&|167|&|timing|&|elapsed_us|&|24037|&|start_us|&|1682548396338183|&|stop_us|&|1682548396362220|&|-|&|DmrppArray::read_super_chunks_unconstrained_concurrent() -  name: ddm_timestamp_gps_week
1682548396|&|167|&|timing|&|elapsed_us|&|60153|&|start_us|&|1682548396365473|&|stop_us|&|1682548396425626|&|-|&|DmrppArray::read_super_chunks_unconstrained_concurrent() -  name: sp_ddmi_delay_correction
1682548396|&|167|&|timing|&|elapsed_us|&|25697|&|start_us|&|1682548396429820|&|stop_us|&|1682548396455517|&|-|&|DmrppArray::read_super_chunks_unconstrained_concurrent() -  name: bit_ratio_lo_hi_starboard
1682548396|&|167|&|timing|&|elapsed_us|&|16211|&|start_us|&|1682548396455896|&|stop_us|&|1682548396472107|&|-|&|DmrppArray::read_contiguous() -  name: ddm
1682548396|&|167|&|timing|&|elapsed_us|&|27660|&|start_us|&|1682548396475043|&|stop_us|&|1682548396502703|&|-|&|DmrppArray::read_super_chunks_unconstrained_concurrent() -  name: quality_flags_2
1682548396|&|167|&|timing|&|elapsed_us|&|47367|&|start_us|&|1682548396506957|&|stop_us|&|1682548396554324|&|-|&|DmrppArray::read_super_chunks_unconstrained_concurrent() -  name: static_gps_eirp
1682548396|&|167|&|timing|&|elapsed_us|&|63228|&|start_us|&|1682548396558802|&|stop_us|&|1682548396622030|&|-|&|DmrppArray::read_super_chunks_unconstrained_concurrent() -  name: sp_vel_y
1682548396|&|167|&|timing|&|elapsed_us|&|36593|&|start_us|&|1682548396626588|&|stop_us|&|1682548396663181|&|-|&|DmrppArray::read_super_chunks_unconstrained_concurrent() -  name: sp_vel_x
1682548396|&|167|&|timing|&|elapsed_us|&|30256|&|start_us|&|1682548396667684|&|stop_us|&|1682548396697940|&|-|&|DmrppArray::read_super_chunks_unconstrained_concurrent() -  name: ddm_brcs_uncert
1682548396|&|167|&|timing|&|elapsed_us|&|23559|&|start_us|&|1682548396702531|&|stop_us|&|1682548396726090|&|-|&|DmrppArray::read_super_chunks_unconstrained_concurrent() -  name: prn_code
1682548396|&|167|&|timing|&|elapsed_us|&|27734|&|start_us|&|1682548396729631|&|stop_us|&|1682548396757365|&|-|&|DmrppArray::read_super_chunks_unconstrained_concurrent() -  name: zenith_sig_i2q2_mult_correction
1682548396|&|167|&|timing|&|elapsed_us|&|37713|&|start_us|&|1682548396761619|&|stop_us|&|1682548396799332|&|-|&|DmrppArray::read_super_chunks_unconstrained_concurrent() -  name: sc_pos_y
1682548396|&|167|&|timing|&|elapsed_us|&|50449|&|start_us|&|1682548396802523|&|stop_us|&|1682548396852972|&|-|&|DmrppArray::read_super_chunks_unconstrained_concurrent() -  name: brcs_ddm_sp_bin_delay_row
1682548396|&|167|&|timing|&|elapsed_us|&|26846|&|start_us|&|1682548396857105|&|stop_us|&|1682548396883951|&|-|&|DmrppArray::read_super_chunks_unconstrained_concurrent() -  name: rx_clk_bias_rate
1682548396|&|167|&|timing|&|elapsed_us|&|30066|&|start_us|&|1682548396887208|&|stop_us|&|1682548396917274|&|-|&|DmrppArray::read_super_chunks_unconstrained_concurrent() -  name: quality_flags
1682548396|&|167|&|timing|&|elapsed_us|&|31232|&|start_us|&|1682548396921452|&|stop_us|&|1682548396952684|&|-|&|DmrppArray::read_super_chunks_unconstrained_concurrent() -  name: bb_power_temperature_density
1682548396|&|167|&|timing|&|elapsed_us|&|43746|&|start_us|&|1682548396957194|&|stop_us|&|1682548397000940|&|-|&|DmrppArray::read_super_chunks_unconstrained_concurrent() -  name: ddm_kurtosis
1682548397|&|167|&|timing|&|elapsed_us|&|68342|&|start_us|&|1682548397005570|&|stop_us|&|1682548397073912|&|-|&|DmrppArray::read_super_chunks_unconstrained_concurrent() -  name: ddm_les
1682548397|&|167|&|timing|&|elapsed_us|&|29766|&|start_us|&|1682548397078522|&|stop_us|&|1682548397108288|&|-|&|DmrppArray::read_super_chunks_unconstrained_concurrent() -  name: tx_clk_bias
1682548397|&|167|&|timing|&|elapsed_us|&|51334|&|start_us|&|1682548397112914|&|stop_us|&|1682548397164248|&|-|&|DmrppArray::read_super_chunks_unconstrained_concurrent() -  name: sp_az_orbit
1682548397|&|167|&|timing|&|elapsed_us|&|22772|&|start_us|&|1682548397168911|&|stop_us|&|1682548397191683|&|-|&|DmrppArray::read_super_chunks_unconstrained_concurrent() -  name: port_gain_setting
1682548397|&|167|&|timing|&|elapsed_us|&|46900|&|start_us|&|1682548397194922|&|stop_us|&|1682548397241822|&|-|&|DmrppArray::read_super_chunks_unconstrained_concurrent() -  name: sp_delay_error
1682548397|&|167|&|timing|&|elapsed_us|&|23864|&|start_us|&|1682548397246000|&|stop_us|&|1682548397269864|&|-|&|DmrppArray::read_super_chunks_unconstrained_concurrent() -  name: bit_null_offset_starboard
1682548397|&|167|&|timing|&|elapsed_us|&|51086|&|start_us|&|1682548397273106|&|stop_us|&|1682548397324192|&|-|&|DmrppArray::read_super_chunks_unconstrained_concurrent() -  name: zenith_sig_i2q2_corrected
1682548397|&|167|&|timing|&|elapsed_us|&|47226|&|start_us|&|1682548397328351|&|stop_us|&|1682548397375577|&|-|&|DmrppArray::read_super_chunks_unconstrained_concurrent() -  name: sp_fsw_delay
1682548397|&|167|&|timing|&|elapsed_us|&|47716|&|start_us|&|1682548397380275|&|stop_us|&|1682548397427991|&|-|&|DmrppArray::read_super_chunks_unconstrained_concurrent() -  name: sc_pitch
1682548400|&|167|&|timing|&|elapsed_us|&|2866622|&|start_us|&|1682548397431373|&|stop_us|&|1682548400297995|&|-|&|DmrppArray::read_super_chunks_unconstrained_concurrent() -  name: power_analog
1682548407|&|167|&|timing|&|elapsed_us|&|103038|&|start_us|&|1682548406924887|&|stop_us|&|1682548407027925|&|-|&|DmrppArray::read_super_chunks_unconstrained_concurrent() -  name: lna_temp_nadir_port
1682548407|&|167|&|timing|&|elapsed_us|&|41752|&|start_us|&|1682548407031137|&|stop_us|&|1682548407072889|&|-|&|DmrppArray::read_super_chunks_unconstrained_concurrent() -  name: add_range_to_sp_pvt
1682548407|&|167|&|timing|&|elapsed_us|&|41814|&|start_us|&|1682548407094217|&|stop_us|&|1682548407136031|&|-|&|DmrppArray::read_super_chunks_unconstrained_concurrent() -  name: fresnel_coeff
1682548407|&|167|&|timing|&|elapsed_us|&|40855|&|start_us|&|1682548407139921|&|stop_us|&|1682548407180776|&|-|&|DmrppArray::read_super_chunks_unconstrained_concurrent() -  name: les_scatter_area
1682548407|&|167|&|timing|&|elapsed_us|&|25581|&|start_us|&|1682548407185103|&|stop_us|&|1682548407210684|&|-|&|DmrppArray::read_super_chunks_unconstrained_concurrent() -  name: sc_alt
1682548407|&|167|&|timing|&|elapsed_us|&|46959|&|start_us|&|1682548407213896|&|stop_us|&|1682548407260855|&|-|&|DmrppArray::read_super_chunks_unconstrained_concurrent() -  name: sp_lat
1682548407|&|167|&|timing|&|elapsed_us|&|46040|&|start_us|&|1682548407291305|&|stop_us|&|1682548407337345|&|-|&|DmrppArray::read_super_chunks_unconstrained_concurrent() -  name: tx_pos_y
1682548407|&|167|&|timing|&|elapsed_us|&|22469|&|start_us|&|1682548407341990|&|stop_us|&|1682548407364459|&|-|&|DmrppArray::read_super_chunks_unconstrained_concurrent() -  name: ddm_end_time_offset
1682548407|&|167|&|timing|&|elapsed_us|&|22816|&|start_us|&|1682548407367591|&|stop_us|&|1682548407390407|&|-|&|DmrppArray::read_super_chunks_unconstrained_concurrent() -  name: starboard_gain_setting
1682548407|&|167|&|timing|&|elapsed_us|&|22843|&|start_us|&|1682548407393636|&|stop_us|&|1682548407416479|&|-|&|DmrppArray::read_super_chunks_unconstrained_concurrent() -  name: commanded_sc_roll
1682548407|&|167|&|timing|&|elapsed_us|&|24208|&|start_us|&|1682548407419861|&|stop_us|&|1682548407444069|&|-|&|DmrppArray::read_super_chunks_unconstrained_concurrent() -  name: att_timestamp_gps_week
1682548407|&|167|&|timing|&|elapsed_us|&|46605|&|start_us|&|1682548407447587|&|stop_us|&|1682548407494192|&|-|&|DmrppArray::read_super_chunks_unconstrained_concurrent() -  name: nbrcs_scatter_area
1682548407|&|167|&|timing|&|elapsed_us|&|53830|&|start_us|&|1682548407498522|&|stop_us|&|1682548407552352|&|-|&|DmrppArray::read_super_chunks_unconstrained_concurrent() -  name: sp_pos_z
1682548407|&|167|&|timing|&|elapsed_us|&|48717|&|start_us|&|1682548407576286|&|stop_us|&|1682548407625003|&|-|&|DmrppArray::read_super_chunks_unconstrained_concurrent() -  name: gps_eirp
1682548407|&|167|&|timing|&|elapsed_us|&|37291|&|start_us|&|1682548407629496|&|stop_us|&|1682548407666787|&|-|&|DmrppArray::read_super_chunks_unconstrained_concurrent() -  name: gps_tx_power_db_w
1682548407|&|167|&|timing|&|elapsed_us|&|73918|&|start_us|&|1682548407671295|&|stop_us|&|1682548407745213|&|-|&|DmrppArray::read_super_chunks_unconstrained_concurrent() -  name: prn_fig_of_merit
1682548407|&|167|&|timing|&|elapsed_us|&|33198|&|start_us|&|1682548407748907|&|stop_us|&|1682548407782105|&|-|&|DmrppArray::read_super_chunks_unconstrained_concurrent() -  name: tx_vel_y
1682548407|&|167|&|timing|&|elapsed_us|&|22721|&|start_us|&|1682548407786275|&|stop_us|&|1682548407808996|&|-|&|DmrppArray::read_super_chunks_unconstrained_concurrent() -  name: bit_null_offset_zenith
1682548407|&|167|&|timing|&|elapsed_us|&|41856|&|start_us|&|1682548407812189|&|stop_us|&|1682548407854045|&|-|&|DmrppArray::read_super_chunks_unconstrained_concurrent() -  name: rx_to_sp_range
1682548407|&|167|&|timing|&|elapsed_us|&|25898|&|start_us|&|1682548407858415|&|stop_us|&|1682548407884313|&|-|&|DmrppArray::read_super_chunks_unconstrained_concurrent() -  name: bb_nearest
1682548407|&|167|&|timing|&|elapsed_us|&|24236|&|start_us|&|1682548407888806|&|stop_us|&|1682548407913042|&|-|&|DmrppArray::read_super_chunks_unconstrained_concurrent() -  name: ddm_ant
1682548407|&|167|&|timing|&|elapsed_us|&|28245|&|start_us|&|1682548407916634|&|stop_us|&|1682548407944879|&|-|&|DmrppArray::read_super_chunks_unconstrained_concurrent() -  name: sc_roll
1682548407|&|167|&|timing|&|elapsed_us|&|44825|&|start_us|&|1682548407948047|&|stop_us|&|1682548407992872|&|-|&|DmrppArray::read_super_chunks_unconstrained_concurrent() -  name: add_range_to_sp
1682548412|&|167|&|info|&|BESUtil::file_to_stream() - Using ostream: 0x7ffe2756f420 cout: 0x6123c0
1682548652|&|167|&|info|&|BESUtil::file_to_stream() - Sent 463862160 bytes from file '/tmp/hyrax_fonc/dap4_nc_bes_util_4I50K5_#cyg07.ddmi.s20180801-000000-e20180801-235959.l1.power-brcs.a31.d32.nc.dmrpp_ACrs55'. 
1682548652|&|167|&|timing|&|elapsed_us|&|291455907|&|start_us|&|1682548361461661|&|stop_us|&|1682548652917568|&|http-nio-8080-exec-13:35[bes_client:/-0]|&|get dap for d1 return as netcdf-4; transmitting
1682548652|&|167|&|timing|&|elapsed_us|&|294795443|&|start_us|&|1682548358122202|&|stop_us|&|1682548652917645|&|-|&|BESInterface::execute_request
1682548652|&|167|&|info|&|Child listener (PID: 167) caught SIGPIPE (master listener PID: 62). Child listener Exiting.
1682548652|&|62|&|info|&|beslistener child pid: 167 exited with signal: 13; num children: 1
1682548653|&|11223|&|timing|&|elapsed_us|&|631913|&|start_us|&|1682548652802647|&|stop_us|&|1682548653434560|&|-|&|RemoteResource::get_url() - source url: https://cmr.earthdata.nasa.gov/search/granules.umm_json_v1_4?collection_concept_id=C2146321631-POCLOUD&granule_ur=cyg07.ddmi.s20180801-000000-e20180801-235959.l1.power-brcs.a31.d32
1682548653|&|11223|&|timing|&|elapsed_us|&|12|&|start_us|&|1682548653435000|&|stop_us|&|1682548653435012|&|http-nio-8080-exec-13:35[bes_client:/-0][bes_client:/-1]|&|set container in ngap values ngapContainer,collections/C2146321631-POCLOUD/granules/cyg07.ddmi.s20180801-000000-e20180801-235959.l1.power-brcs.a31.d32; transmitting
1682548653|&|11223|&|timing|&|elapsed_us|&|6|&|start_us|&|1682548653435041|&|stop_us|&|1682548653435047|&|http-nio-8080-exec-13:35[bes_client:/-0][bes_client:/-1]|&|define d1 in default as ngapContainer; transmitting
1682548653|&|11223|&|request|&|OLFS|&|10.7.245.24|&|Python#3#11 aiohttp#3#8#3|&|FDEEBE6BB97F8E8E2C40592657B61BD7|&|jhrg|&|1682548357969|&|2|&|HTTP-GET|&|/hyrax/ngap/collections/C2146321631-POCLOUD/granules/cyg07.ddmi.s20180801-000000-e20180801-235959.l1.power-brcs.a31.d32.dap.nc4|&|-|&|BES|&|get.dap|&|netcdf-4|&|https://archive.podaac.earthdata.nasa.gov/podaac-ops-cumulus-protected/CYGNSS_L1_V3.1/cyg07.ddmi.s20180801-000000-e20180801-235959.l1.power-brcs.a31.d32.nc
1682548655|&|11223|&|timing|&|elapsed_us|&|2448807|&|start_us|&|1682548653436756|&|stop_us|&|1682548655885563|&|-|&|RemoteResource::get_url() - source url: https://archive.podaac.earthdata.nasa.gov/podaac-ops-cumulus-protected/CYGNSS_L1_V3.1/cyg07.ddmi.s20180801-000000-e20180801-235959.l1.power-brcs.a31.d32.nc.dmrpp
1682548655|&|11223|&|timing|&|elapsed_us|&|4756|&|start_us|&|1682548655891587|&|stop_us|&|1682548655896343|&|http-nio-8080-exec-13:35[bes_client:/-0][bes_client:/-1]|&|DmrppRequestHandler::dap_build_dap4data() - timer
1682548655|&|11223|&|timing|&|elapsed_us|&|22|&|start_us|&|1682548655896512|&|stop_us|&|1682548655896534|&|-|&|BESDapResponseBuilder::dap4_process_ce_for_intern_data() - Timer
1682548658|&|11223|&|timing|&|elapsed_us|&|2282803|&|start_us|&|1682548655941275|&|stop_us|&|1682548658224078|&|-|&|CurlUtils::retrieve_effective_url() -  Following Redirects Starting With: https://archive.podaac.earthdata.nasa.gov/podaac-ops-cumulus-protected/CYGNSS_L1_V3.1/cyg07.ddmi.s20180801-000000-e20180801-235959.l1.power-brcs.a31.d32.nc
1682548658|&|11223|&|info|&|CurlUtils::retrieve_effective_url() - Source URL: 'https://archive.podaac.earthdata.nasa.gov/podaac-ops-cumulus-protected/CYGNSS_L1_V3.1/cyg07.ddmi.s20180801-000000-e20180801-235959.l1.power-brcs.a31.d32.nc(trusted)' CURLINFO_EFFECTIVE_URL: 'https://podaac-ops-cumulus-protected.s3.us-west-2.amazonaws.com/CYGNSS_L1_V3.1/cyg07.ddmi.s20180801-000000-e20180801-235959.l1.power-brcs.a31.d32.nc?A-userid=jhrg'(trusted)
1682548658|&|11223|&|timing|&|elapsed_us|&|72444|&|start_us|&|1682548658228951|&|stop_us|&|1682548658301395|&|-|&|DmrppArray::read_super_chunks_unconstrained_concurrent() -  name: bit_ratio_lo_hi_zenith
1682548658|&|11223|&|timing|&|elapsed_us|&|49537|&|start_us|&|1682548658304830|&|stop_us|&|1682548658354367|&|-|&|DmrppArray::read_super_chunks_unconstrained_concurrent() -  name: inst_gain
1682548658|&|11223|&|timing|&|elapsed_us|&|72059|&|start_us|&|1682548658358660|&|stop_us|&|1682548658430719|&|-|&|DmrppArray::read_super_chunks_unconstrained_concurrent() -  name: sp_lon
1682548658|&|11223|&|timing|&|elapsed_us|&|56082|&|start_us|&|1682548658435172|&|stop_us|&|1682548658491254|&|-|&|DmrppArray::read_super_chunks_unconstrained_concurrent() -  name: sp_pos_x
1682548658|&|11223|&|timing|&|elapsed_us|&|39075|&|start_us|&|1682548658495816|&|stop_us|&|1682548658534891|&|-|&|DmrppArray::read_super_chunks_unconstrained_concurrent() -  name: sc_pitch_att
1682548660|&|11223|&|timing|&|elapsed_us|&|2205100|&|start_us|&|1682548658538120|&|stop_us|&|1682548660743220|&|-|&|DmrppArray::read_super_chunks_unconstrained_concurrent() -  name: raw_counts
1682548665|&|11223|&|timing|&|elapsed_us|&|94824|&|start_us|&|1682548665677604|&|stop_us|&|1682548665772428|&|-|&|DmrppArray::read_super_chunks_unconstrained_concurrent() -  name: sp_rx_gain
1682548665|&|11223|&|timing|&|elapsed_us|&|30035|&|start_us|&|1682548665776246|&|stop_us|&|1682548665806281|&|-|&|DmrppArray::read_super_chunks_unconstrained_concurrent() -  name: pvt_timestamp_utc
1682548665|&|11223|&|timing|&|elapsed_us|&|50137|&|start_us|&|1682548665809546|&|stop_us|&|1682548665859683|&|-|&|DmrppArray::read_super_chunks_unconstrained_concurrent() -  name: fsw_comp_delay_shift
1682548665|&|11223|&|timing|&|elapsed_us|&|44125|&|start_us|&|1682548665863492|&|stop_us|&|1682548665907617|&|-|&|DmrppArray::read_super_chunks_unconstrained_concurrent() -  name: sc_pos_z_pvt
1682548665|&|11223|&|timing|&|elapsed_us|&|51971|&|start_us|&|1682548665910789|&|stop_us|&|1682548665962760|&|-|&|DmrppArray::read_super_chunks_unconstrained_concurrent() -  name: lna_temp_zenith
1682548666|&|11223|&|timing|&|elapsed_us|&|67336|&|start_us|&|1682548665965975|&|stop_us|&|1682548666033311|&|-|&|DmrppArray::read_super_chunks_unconstrained_concurrent() -  name: tx_pos_x
1682548666|&|11223|&|timing|&|elapsed_us|&|27871|&|start_us|&|1682548666037289|&|stop_us|&|1682548666065160|&|-|&|DmrppArray::read_super_chunks_unconstrained_concurrent() -  name: att_timestamp_utc
1682548666|&|11223|&|timing|&|elapsed_us|&|27911|&|start_us|&|1682548666088538|&|stop_us|&|1682548666116449|&|-|&|DmrppArray::read_super_chunks_unconstrained_concurrent() -  name: sc_pos_z
1682548669|&|11223|&|timing|&|elapsed_us|&|3370631|&|start_us|&|1682548666119740|&|stop_us|&|1682548669490371|&|-|&|DmrppArray::read_super_chunks_unconstrained_concurrent() -  name: eff_scatter
1682548677|&|11223|&|timing|&|elapsed_us|&|88466|&|start_us|&|1682548677108173|&|stop_us|&|1682548677196639|&|-|&|DmrppArray::read_super_chunks_unconstrained_concurrent() -  name: sc_lat
1682548677|&|11223|&|timing|&|elapsed_us|&|40478|&|start_us|&|1682548677199835|&|stop_us|&|1682548677240313|&|-|&|DmrppArray::read_super_chunks_unconstrained_concurrent() -  name: rx_clk_bias_rate_pvt
1682548677|&|11223|&|timing|&|elapsed_us|&|25134|&|start_us|&|1682548677243492|&|stop_us|&|1682548677268626|&|-|&|DmrppArray::read_super_chunks_unconstrained_concurrent() -  name: bit_ratio_lo_hi_port
1682548677|&|11223|&|timing|&|elapsed_us|&|72566|&|start_us|&|1682548677271816|&|stop_us|&|1682548677344382|&|-|&|DmrppArray::read_super_chunks_unconstrained_concurrent() -  name: sc_yaw_att
1682548677|&|11223|&|timing|&|elapsed_us|&|53987|&|start_us|&|1682548677347515|&|stop_us|&|1682548677401502|&|-|&|DmrppArray::read_super_chunks_unconstrained_concurrent() -  name: sp_alt
1682548677|&|11223|&|timing|&|elapsed_us|&|33143|&|start_us|&|1682548677405312|&|stop_us|&|1682548677438455|&|-|&|DmrppArray::read_super_chunks_unconstrained_concurrent() -  name: sv_num
1682548677|&|11223|&|timing|&|elapsed_us|&|39907|&|start_us|&|1682548677442830|&|stop_us|&|1682548677482737|&|-|&|DmrppArray::read_super_chunks_unconstrained_concurrent() -  name: sc_vel_z_pvt
1682548677|&|11223|&|timing|&|elapsed_us|&|39136|&|start_us|&|1682548677485886|&|stop_us|&|1682548677525022|&|-|&|DmrppArray::read_super_chunks_unconstrained_concurrent() -  name: zenith_sig_i2q2
1682548677|&|11223|&|timing|&|elapsed_us|&|28072|&|start_us|&|1682548677529260|&|stop_us|&|1682548677557332|&|-|&|DmrppArray::read_super_chunks_unconstrained_concurrent() -  name: sc_yaw
1682548677|&|11223|&|timing|&|elapsed_us|&|25470|&|start_us|&|1682548677578916|&|stop_us|&|1682548677604386|&|-|&|DmrppArray::read_super_chunks_unconstrained_concurrent() -  name: nst_att_status
1682548677|&|11223|&|timing|&|elapsed_us|&|51763|&|start_us|&|1682548677607542|&|stop_us|&|1682548677659305|&|-|&|DmrppArray::read_super_chunks_unconstrained_concurrent() -  name: ddm_noise_floor
1682548677|&|11223|&|timing|&|elapsed_us|&|47996|&|start_us|&|1682548677663627|&|stop_us|&|1682548677711623|&|-|&|DmrppArray::read_super_chunks_unconstrained_concurrent() -  name: sp_theta_orbit
1682548677|&|11223|&|timing|&|elapsed_us|&|44621|&|start_us|&|1682548677716119|&|stop_us|&|1682548677760740|&|-|&|DmrppArray::read_super_chunks_unconstrained_concurrent() -  name: ddm_noise_floor_corrected
1682548677|&|11223|&|timing|&|elapsed_us|&|50485|&|start_us|&|1682548677765249|&|stop_us|&|1682548677815734|&|-|&|DmrppArray::read_super_chunks_unconstrained_concurrent() -  name: sp_pos_y
1682548677|&|11223|&|timing|&|elapsed_us|&|50944|&|start_us|&|1682548677820305|&|stop_us|&|1682548677871249|&|-|&|DmrppArray::read_super_chunks_unconstrained_concurrent() -  name: sp_theta_body
1682548677|&|11223|&|timing|&|elapsed_us|&|28938|&|start_us|&|1682548677875899|&|stop_us|&|1682548677904837|&|-|&|DmrppArray::read_super_chunks_unconstrained_concurrent() -  name: fsw_comp_dopp_shift
1682548677|&|11223|&|timing|&|elapsed_us|&|45566|&|start_us|&|1682548677909382|&|stop_us|&|1682548677954948|&|-|&|DmrppArray::read_super_chunks_unconstrained_concurrent() -  name: gps_ant_gain_db_i
1682548677|&|11223|&|timing|&|elapsed_us|&|26400|&|start_us|&|1682548677959555|&|stop_us|&|1682548677985955|&|-|&|DmrppArray::read_super_chunks_unconstrained_concurrent() -  name: zenith_sig_i2q2_add_correction
1682548678|&|11223|&|timing|&|elapsed_us|&|30935|&|start_us|&|1682548677990428|&|stop_us|&|1682548678021363|&|-|&|DmrppArray::read_super_chunks_unconstrained_concurrent() -  name: tx_vel_x
1682548678|&|11223|&|timing|&|elapsed_us|&|30550|&|start_us|&|1682548678025816|&|stop_us|&|1682548678056366|&|-|&|DmrppArray::read_super_chunks_unconstrained_concurrent() -  name: brcs_ddm_peak_bin_dopp_col
1682548678|&|11223|&|timing|&|elapsed_us|&|32085|&|start_us|&|1682548678059937|&|stop_us|&|1682548678092022|&|-|&|DmrppArray::read_super_chunks_unconstrained_concurrent() -  name: ddm_timestamp_utc
1682548678|&|11223|&|timing|&|elapsed_us|&|29450|&|start_us|&|1682548678095534|&|stop_us|&|1682548678124984|&|-|&|DmrppArray::read_super_chunks_unconstrained_concurrent() -  name: lna_temp_nadir_starboard
1682548678|&|11223|&|timing|&|elapsed_us|&|27780|&|start_us|&|1682548678128125|&|stop_us|&|1682548678155905|&|-|&|DmrppArray::read_super_chunks_unconstrained_concurrent() -  name: sc_vel_x_pvt
1682548678|&|11223|&|timing|&|elapsed_us|&|51433|&|start_us|&|1682548678159378|&|stop_us|&|1682548678210811|&|-|&|DmrppArray::read_super_chunks_unconstrained_concurrent() -  name: sp_inc_angle
1682548678|&|11223|&|timing|&|elapsed_us|&|29551|&|start_us|&|1682548678215304|&|stop_us|&|1682548678244855|&|-|&|DmrppArray::read_super_chunks_unconstrained_concurrent() -  name: rx_clk_bias_pvt
1682548678|&|11223|&|timing|&|elapsed_us|&|49044|&|start_us|&|1682548678248019|&|stop_us|&|1682548678297063|&|-|&|DmrppArray::read_super_chunks_unconstrained_concurrent() -  name: lna_noise_figure
1682548678|&|11223|&|timing|&|elapsed_us|&|47588|&|start_us|&|1682548678301355|&|stop_us|&|1682548678348943|&|-|&|DmrppArray::read_super_chunks_unconstrained_concurrent() -  name: tx_pos_z
1682548678|&|11223|&|timing|&|elapsed_us|&|51850|&|start_us|&|1682548678353467|&|stop_us|&|1682548678405317|&|-|&|DmrppArray::read_super_chunks_unconstrained_concurrent() -  name: zenith_code_phase
1682548678|&|11223|&|timing|&|elapsed_us|&|30316|&|start_us|&|1682548678409853|&|stop_us|&|1682548678440169|&|-|&|DmrppArray::read_super_chunks_unconstrained_concurrent() -  name: ddm_timestamp_gps_sec
1682548678|&|11223|&|timing|&|elapsed_us|&|49440|&|start_us|&|1682548678443769|&|stop_us|&|1682548678493209|&|-|&|DmrppArray::read_super_chunks_unconstrained_concurrent() -  name: ddm_snr
1682548678|&|11223|&|timing|&|elapsed_us|&|81569|&|start_us|&|1682548678497321|&|stop_us|&|1682548678578890|&|-|&|DmrppArray::read_super_chunks_unconstrained_concurrent() -  name: sc_pos_x_pvt
1682548681|&|11223|&|timing|&|elapsed_us|&|2765550|&|start_us|&|1682548678582127|&|stop_us|&|1682548681347677|&|-|&|DmrppArray::read_super_chunks_unconstrained_concurrent() -  name: brcs
1682548687|&|11223|&|timing|&|elapsed_us|&|77511|&|start_us|&|1682548687580779|&|stop_us|&|1682548687658290|&|-|&|DmrppArray::read_super_chunks_unconstrained_concurrent() -  name: sc_lon
1682548687|&|11223|&|timing|&|elapsed_us|&|34036|&|start_us|&|1682548687661433|&|stop_us|&|1682548687695469|&|-|&|DmrppArray::read_super_chunks_unconstrained_concurrent() -  name: att_timestamp_gps_sec
1682548687|&|11223|&|timing|&|elapsed_us|&|30490|&|start_us|&|1682548687698808|&|stop_us|&|1682548687729298|&|-|&|DmrppArray::read_super_chunks_unconstrained_concurrent() -  name: pvt_timestamp_gps_sec
1682548687|&|11223|&|timing|&|elapsed_us|&|40896|&|start_us|&|1682548687732654|&|stop_us|&|1682548687773550|&|-|&|DmrppArray::read_super_chunks_unconstrained_concurrent() -  name: sp_ddmi_dopp
1682548687|&|11223|&|timing|&|elapsed_us|&|27785|&|start_us|&|1682548687777489|&|stop_us|&|1682548687805274|&|-|&|DmrppArray::read_super_chunks_unconstrained_concurrent() -  name: track_id
1682548687|&|11223|&|timing|&|elapsed_us|&|44449|&|start_us|&|1682548687809802|&|stop_us|&|1682548687854251|&|-|&|DmrppArray::read_super_chunks_unconstrained_concurrent() -  name: sc_pos_y_pvt
1682548687|&|11223|&|timing|&|elapsed_us|&|54509|&|start_us|&|1682548687857434|&|stop_us|&|1682548687911943|&|-|&|DmrppArray::read_super_chunks_unconstrained_concurrent() -  name: brcs_ddm_sp_bin_dopp_col
1682548687|&|11223|&|timing|&|elapsed_us|&|52163|&|start_us|&|1682548687916141|&|stop_us|&|1682548687968304|&|-|&|DmrppArray::read_super_chunks_unconstrained_concurrent() -  name: sp_ddmi_dopp_correction
1682548688|&|11223|&|timing|&|elapsed_us|&|50239|&|start_us|&|1682548687972879|&|stop_us|&|1682548688023118|&|-|&|DmrppArray::read_super_chunks_unconstrained_concurrent() -  name: sp_dopp_error
1682548688|&|11223|&|timing|&|elapsed_us|&|33391|&|start_us|&|1682548688027587|&|stop_us|&|1682548688060978|&|-|&|DmrppArray::read_super_chunks_unconstrained_concurrent() -  name: sc_vel_z
1682548688|&|11223|&|timing|&|elapsed_us|&|33801|&|start_us|&|1682548688064149|&|stop_us|&|1682548688097950|&|-|&|DmrppArray::read_super_chunks_unconstrained_concurrent() -  name: tx_vel_z
1682548688|&|11223|&|timing|&|elapsed_us|&|48937|&|start_us|&|1682548688102199|&|stop_us|&|1682548688151136|&|-|&|DmrppArray::read_super_chunks_unconstrained_concurrent() -  name: tx_to_sp_range
1682548688|&|11223|&|timing|&|elapsed_us|&|35072|&|start_us|&|1682548688155669|&|stop_us|&|1682548688190741|&|-|&|DmrppArray::read_super_chunks_unconstrained_concurrent() -  name: noise_correction
1682548688|&|11223|&|timing|&|elapsed_us|&|34321|&|start_us|&|1682548688195200|&|stop_us|&|1682548688229521|&|-|&|DmrppArray::read_super_chunks_unconstrained_concurrent() -  name: sc_vel_y_pvt
1682548688|&|11223|&|timing|&|elapsed_us|&|30940|&|start_us|&|1682548688232678|&|stop_us|&|1682548688263618|&|-|&|DmrppArray::read_super_chunks_unconstrained_concurrent() -  name: sc_pos_x
1682548688|&|11223|&|timing|&|elapsed_us|&|31966|&|start_us|&|1682548688266881|&|stop_us|&|1682548688298847|&|-|&|DmrppArray::read_super_chunks_unconstrained_concurrent() -  name: sample
1682548688|&|11223|&|timing|&|elapsed_us|&|65976|&|start_us|&|1682548688302412|&|stop_us|&|1682548688368388|&|-|&|DmrppArray::read_super_chunks_unconstrained_concurrent() -  name: sp_az_body
1682548688|&|11223|&|timing|&|elapsed_us|&|36920|&|start_us|&|1682548688372706|&|stop_us|&|1682548688409626|&|-|&|DmrppArray::read_super_chunks_unconstrained_concurrent() -  name: sp_vel_z
1682548688|&|11223|&|timing|&|elapsed_us|&|27516|&|start_us|&|1682548688414054|&|stop_us|&|1682548688441570|&|-|&|DmrppArray::read_super_chunks_unconstrained_concurrent() -  name: bit_null_offset_port
1682548688|&|11223|&|timing|&|elapsed_us|&|27485|&|start_us|&|1682548688444716|&|stop_us|&|1682548688472201|&|-|&|DmrppArray::read_super_chunks_unconstrained_concurrent() -  name: sc_vel_x
1682548688|&|11223|&|timing|&|elapsed_us|&|30796|&|start_us|&|1682548688475451|&|stop_us|&|1682548688506247|&|-|&|DmrppArray::read_super_chunks_unconstrained_concurrent() -  name: rx_clk_bias
1682548688|&|11223|&|timing|&|elapsed_us|&|25862|&|start_us|&|1682548688509589|&|stop_us|&|1682548688535451|&|-|&|DmrppArray::read_super_chunks_unconstrained_concurrent() -  name: status_flags_one_hz
1682548688|&|11223|&|timing|&|elapsed_us|&|27984|&|start_us|&|1682548688538842|&|stop_us|&|1682548688566826|&|-|&|DmrppArray::read_super_chunks_unconstrained_concurrent() -  name: brcs_ddm_peak_bin_delay_row
1682548688|&|11223|&|timing|&|elapsed_us|&|25015|&|start_us|&|1682548688570486|&|stop_us|&|1682548688595501|&|-|&|DmrppArray::read_super_chunks_unconstrained_concurrent() -  name: sc_roll_att
1682548688|&|11223|&|timing|&|elapsed_us|&|25424|&|start_us|&|1682548688598839|&|stop_us|&|1682548688624263|&|-|&|DmrppArray::read_super_chunks_unconstrained_concurrent() -  name: pvt_timestamp_gps_week
1682548688|&|11223|&|timing|&|elapsed_us|&|26809|&|start_us|&|1682548688627647|&|stop_us|&|1682548688654456|&|-|&|DmrppArray::read_super_chunks_unconstrained_concurrent() -  name: sc_vel_y
1682548688|&|11223|&|timing|&|elapsed_us|&|60129|&|start_us|&|1682548688657796|&|stop_us|&|1682548688717925|&|-|&|DmrppArray::read_super_chunks_unconstrained_concurrent() -  name: gps_off_boresight_angle_deg
1682548688|&|11223|&|timing|&|elapsed_us|&|49262|&|start_us|&|1682548688722439|&|stop_us|&|1682548688771701|&|-|&|DmrppArray::read_super_chunks_unconstrained_concurrent() -  name: ddm_nbrcs
1682548688|&|11223|&|timing|&|elapsed_us|&|25851|&|start_us|&|1682548688807434|&|stop_us|&|1682548688833285|&|-|&|DmrppArray::read_super_chunks_unconstrained_concurrent() -  name: ddm_timestamp_gps_week
1682548688|&|11223|&|timing|&|elapsed_us|&|67453|&|start_us|&|1682548688836450|&|stop_us|&|1682548688903903|&|-|&|DmrppArray::read_super_chunks_unconstrained_concurrent() -  name: sp_ddmi_delay_correction
1682548688|&|11223|&|timing|&|elapsed_us|&|30964|&|start_us|&|1682548688908047|&|stop_us|&|1682548688939011|&|-|&|DmrppArray::read_super_chunks_unconstrained_concurrent() -  name: bit_ratio_lo_hi_starboard
1682548688|&|11223|&|timing|&|elapsed_us|&|17648|&|start_us|&|1682548688939410|&|stop_us|&|1682548688957058|&|-|&|DmrppArray::read_contiguous() -  name: ddm
1682548688|&|11223|&|timing|&|elapsed_us|&|29837|&|start_us|&|1682548688960072|&|stop_us|&|1682548688989909|&|-|&|DmrppArray::read_super_chunks_unconstrained_concurrent() -  name: quality_flags_2
1682548689|&|11223|&|timing|&|elapsed_us|&|43937|&|start_us|&|1682548688994241|&|stop_us|&|1682548689038178|&|-|&|DmrppArray::read_super_chunks_unconstrained_concurrent() -  name: static_gps_eirp
1682548689|&|11223|&|timing|&|elapsed_us|&|45389|&|start_us|&|1682548689042713|&|stop_us|&|1682548689088102|&|-|&|DmrppArray::read_super_chunks_unconstrained_concurrent() -  name: sp_vel_y
1682548689|&|11223|&|timing|&|elapsed_us|&|36950|&|start_us|&|1682548689092625|&|stop_us|&|1682548689129575|&|-|&|DmrppArray::read_super_chunks_unconstrained_concurrent() -  name: sp_vel_x
1682548689|&|11223|&|timing|&|elapsed_us|&|38285|&|start_us|&|1682548689134096|&|stop_us|&|1682548689172381|&|-|&|DmrppArray::read_super_chunks_unconstrained_concurrent() -  name: ddm_brcs_uncert
1682548689|&|11223|&|timing|&|elapsed_us|&|25493|&|start_us|&|1682548689176968|&|stop_us|&|1682548689202461|&|-|&|DmrppArray::read_super_chunks_unconstrained_concurrent() -  name: prn_code
1682548689|&|11223|&|timing|&|elapsed_us|&|40466|&|start_us|&|1682548689206180|&|stop_us|&|1682548689246646|&|-|&|DmrppArray::read_super_chunks_unconstrained_concurrent() -  name: zenith_sig_i2q2_mult_correction
1682548689|&|11223|&|timing|&|elapsed_us|&|29345|&|start_us|&|1682548689250725|&|stop_us|&|1682548689280070|&|-|&|DmrppArray::read_super_chunks_unconstrained_concurrent() -  name: sc_pos_y
1682548689|&|11223|&|timing|&|elapsed_us|&|56955|&|start_us|&|1682548689283249|&|stop_us|&|1682548689340204|&|-|&|DmrppArray::read_super_chunks_unconstrained_concurrent() -  name: brcs_ddm_sp_bin_delay_row
1682548689|&|11223|&|timing|&|elapsed_us|&|30626|&|start_us|&|1682548689344477|&|stop_us|&|1682548689375103|&|-|&|DmrppArray::read_super_chunks_unconstrained_concurrent() -  name: rx_clk_bias_rate
1682548689|&|11223|&|timing|&|elapsed_us|&|37352|&|start_us|&|1682548689378443|&|stop_us|&|1682548689415795|&|-|&|DmrppArray::read_super_chunks_unconstrained_concurrent() -  name: quality_flags
1682548689|&|11223|&|timing|&|elapsed_us|&|28368|&|start_us|&|1682548689421011|&|stop_us|&|1682548689449379|&|-|&|DmrppArray::read_super_chunks_unconstrained_concurrent() -  name: bb_power_temperature_density
1682548689|&|11223|&|timing|&|elapsed_us|&|45670|&|start_us|&|1682548689453903|&|stop_us|&|1682548689499573|&|-|&|DmrppArray::read_super_chunks_unconstrained_concurrent() -  name: ddm_kurtosis
1682548689|&|11223|&|timing|&|elapsed_us|&|42903|&|start_us|&|1682548689504235|&|stop_us|&|1682548689547138|&|-|&|DmrppArray::read_super_chunks_unconstrained_concurrent() -  name: ddm_les
1682548689|&|11223|&|timing|&|elapsed_us|&|34962|&|start_us|&|1682548689551643|&|stop_us|&|1682548689586605|&|-|&|DmrppArray::read_super_chunks_unconstrained_concurrent() -  name: tx_clk_bias
1682548689|&|11223|&|timing|&|elapsed_us|&|49595|&|start_us|&|1682548689591242|&|stop_us|&|1682548689640837|&|-|&|DmrppArray::read_super_chunks_unconstrained_concurrent() -  name: sp_az_orbit
1682548689|&|11223|&|timing|&|elapsed_us|&|28860|&|start_us|&|1682548689645432|&|stop_us|&|1682548689674292|&|-|&|DmrppArray::read_super_chunks_unconstrained_concurrent() -  name: port_gain_setting
1682548689|&|11223|&|timing|&|elapsed_us|&|54229|&|start_us|&|1682548689677480|&|stop_us|&|1682548689731709|&|-|&|DmrppArray::read_super_chunks_unconstrained_concurrent() -  name: sp_delay_error
1682548689|&|11223|&|timing|&|elapsed_us|&|30525|&|start_us|&|1682548689735932|&|stop_us|&|1682548689766457|&|-|&|DmrppArray::read_super_chunks_unconstrained_concurrent() -  name: bit_null_offset_starboard
1682548689|&|11223|&|timing|&|elapsed_us|&|52403|&|start_us|&|1682548689769641|&|stop_us|&|1682548689822044|&|-|&|DmrppArray::read_super_chunks_unconstrained_concurrent() -  name: zenith_sig_i2q2_corrected
1682548689|&|11223|&|timing|&|elapsed_us|&|48031|&|start_us|&|1682548689826343|&|stop_us|&|1682548689874374|&|-|&|DmrppArray::read_super_chunks_unconstrained_concurrent() -  name: sp_fsw_delay
1682548689|&|11223|&|timing|&|elapsed_us|&|34290|&|start_us|&|1682548689878964|&|stop_us|&|1682548689913254|&|-|&|DmrppArray::read_super_chunks_unconstrained_concurrent() -  name: sc_pitch
1682548692|&|11223|&|timing|&|elapsed_us|&|2858531|&|start_us|&|1682548689916558|&|stop_us|&|1682548692775089|&|-|&|DmrppArray::read_super_chunks_unconstrained_concurrent() -  name: power_analog
1682548699|&|11223|&|timing|&|elapsed_us|&|127890|&|start_us|&|1682548699397865|&|stop_us|&|1682548699525755|&|-|&|DmrppArray::read_super_chunks_unconstrained_concurrent() -  name: lna_temp_nadir_port
1682548699|&|11223|&|timing|&|elapsed_us|&|124840|&|start_us|&|1682548699528943|&|stop_us|&|1682548699653783|&|-|&|DmrppArray::read_super_chunks_unconstrained_concurrent() -  name: add_range_to_sp_pvt
1682548699|&|11223|&|timing|&|elapsed_us|&|53208|&|start_us|&|1682548699676016|&|stop_us|&|1682548699729224|&|-|&|DmrppArray::read_super_chunks_unconstrained_concurrent() -  name: fresnel_coeff
1682548699|&|11223|&|timing|&|elapsed_us|&|49797|&|start_us|&|1682548699733186|&|stop_us|&|1682548699782983|&|-|&|DmrppArray::read_super_chunks_unconstrained_concurrent() -  name: les_scatter_area
1682548699|&|11223|&|timing|&|elapsed_us|&|25217|&|start_us|&|1682548699787288|&|stop_us|&|1682548699812505|&|-|&|DmrppArray::read_super_chunks_unconstrained_concurrent() -  name: sc_alt
1682548699|&|11223|&|timing|&|elapsed_us|&|48281|&|start_us|&|1682548699815699|&|stop_us|&|1682548699863980|&|-|&|DmrppArray::read_super_chunks_unconstrained_concurrent() -  name: sp_lat
1682548699|&|11223|&|timing|&|elapsed_us|&|47401|&|start_us|&|1682548699887498|&|stop_us|&|1682548699934899|&|-|&|DmrppArray::read_super_chunks_unconstrained_concurrent() -  name: tx_pos_y
1682548699|&|11223|&|timing|&|elapsed_us|&|24687|&|start_us|&|1682548699939433|&|stop_us|&|1682548699964120|&|-|&|DmrppArray::read_super_chunks_unconstrained_concurrent() -  name: ddm_end_time_offset
1682548699|&|11223|&|timing|&|elapsed_us|&|25634|&|start_us|&|1682548699967279|&|stop_us|&|1682548699992913|&|-|&|DmrppArray::read_super_chunks_unconstrained_concurrent() -  name: starboard_gain_setting
1682548700|&|11223|&|timing|&|elapsed_us|&|25174|&|start_us|&|1682548699996188|&|stop_us|&|1682548700021362|&|-|&|DmrppArray::read_super_chunks_unconstrained_concurrent() -  name: commanded_sc_roll
1682548700|&|11223|&|timing|&|elapsed_us|&|24612|&|start_us|&|1682548700024711|&|stop_us|&|1682548700049323|&|-|&|DmrppArray::read_super_chunks_unconstrained_concurrent() -  name: att_timestamp_gps_week
1682548700|&|11223|&|timing|&|elapsed_us|&|53937|&|start_us|&|1682548700052744|&|stop_us|&|1682548700106681|&|-|&|DmrppArray::read_super_chunks_unconstrained_concurrent() -  name: nbrcs_scatter_area
1682548700|&|11223|&|timing|&|elapsed_us|&|50369|&|start_us|&|1682548700111033|&|stop_us|&|1682548700161402|&|-|&|DmrppArray::read_super_chunks_unconstrained_concurrent() -  name: sp_pos_z
1682548700|&|11223|&|timing|&|elapsed_us|&|45039|&|start_us|&|1682548700184144|&|stop_us|&|1682548700229183|&|-|&|DmrppArray::read_super_chunks_unconstrained_concurrent() -  name: gps_eirp
1682548700|&|11223|&|timing|&|elapsed_us|&|30566|&|start_us|&|1682548700233735|&|stop_us|&|1682548700264301|&|-|&|DmrppArray::read_super_chunks_unconstrained_concurrent() -  name: gps_tx_power_db_w
1682548700|&|11223|&|timing|&|elapsed_us|&|25956|&|start_us|&|1682548700268917|&|stop_us|&|1682548700294873|&|-|&|DmrppArray::read_super_chunks_unconstrained_concurrent() -  name: prn_fig_of_merit
1682548700|&|11223|&|timing|&|elapsed_us|&|33980|&|start_us|&|1682548700298512|&|stop_us|&|1682548700332492|&|-|&|DmrppArray::read_super_chunks_unconstrained_concurrent() -  name: tx_vel_y
1682548700|&|11223|&|timing|&|elapsed_us|&|25236|&|start_us|&|1682548700337110|&|stop_us|&|1682548700362346|&|-|&|DmrppArray::read_super_chunks_unconstrained_concurrent() -  name: bit_null_offset_zenith
1682548700|&|11223|&|timing|&|elapsed_us|&|45586|&|start_us|&|1682548700365597|&|stop_us|&|1682548700411183|&|-|&|DmrppArray::read_super_chunks_unconstrained_concurrent() -  name: rx_to_sp_range
1682548700|&|11223|&|timing|&|elapsed_us|&|28607|&|start_us|&|1682548700415369|&|stop_us|&|1682548700443976|&|-|&|DmrppArray::read_super_chunks_unconstrained_concurrent() -  name: bb_nearest
1682548700|&|11223|&|timing|&|elapsed_us|&|35078|&|start_us|&|1682548700448528|&|stop_us|&|1682548700483606|&|-|&|DmrppArray::read_super_chunks_unconstrained_concurrent() -  name: ddm_ant
1682548700|&|11223|&|timing|&|elapsed_us|&|45473|&|start_us|&|1682548700487271|&|stop_us|&|1682548700532744|&|-|&|DmrppArray::read_super_chunks_unconstrained_concurrent() -  name: sc_roll
1682548700|&|11223|&|timing|&|elapsed_us|&|47732|&|start_us|&|1682548700535909|&|stop_us|&|1682548700583641|&|-|&|DmrppArray::read_super_chunks_unconstrained_concurrent() -  name: add_range_to_sp
1682548704|&|11223|&|info|&|BESUtil::file_to_stream() - Using ostream: 0x7ffe2756f420 cout: 0x6123c0
1682548704|&|11223|&|info|&|BESUtil::file_to_stream() - Sent 463862160 bytes from file '/tmp/hyrax_fonc/dap4_nc_bes_util_o3xU6A_#cyg07.ddmi.s20180801-000000-e20180801-235959.l1.power-brcs.a31.d32.nc.dmrpp_4EVsGN'. 
1682548704|&|11223|&|timing|&|elapsed_us|&|48971433|&|start_us|&|1682548655896380|&|stop_us|&|1682548704867813|&|http-nio-8080-exec-13:35[bes_client:/-0][bes_client:/-1]|&|get dap for d1 return as netcdf-4; transmitting
1682548704|&|11223|&|timing|&|elapsed_us|&|52077609|&|start_us|&|1682548652790269|&|stop_us|&|1682548704867878|&|-|&|BESInterface::execute_request
1682548704|&|11223|&|info|&|Child listener (PID: 11223) caught SIGPIPE (master listener PID: 62). Child listener Exiting.
1682548704|&|62|&|info|&|beslistener child pid: 11223 exited with signal: 13; num children: 0
