root@c04cc6b44d7d /]# cat bes-error.log
1680910108|&|453|&|error|&|PPTConnection::receive() - Failed to read chunk header
1680910111|&|25601|&|error|&|PPTConnection::receive() - Failed to read chunk header
1680910115|&|305|&|error|&|PPTConnection::receive() - Failed to read chunk header
1680910117|&|9743|&|error|&|PPTConnection::receive() - Failed to read chunk header
1680910119|&|157|&|error|&|PPTConnection::receive() - Failed to read chunk header
1680910122|&|296|&|error|&|PPTConnection::receive() - Failed to read chunk header
1680910123|&|26148|&|error|&|PPTConnection::receive() - Failed to read chunk header
1680910125|&|26147|&|error|&|PPTConnection::receive() - Failed to read chunk header
1680910126|&|304|&|error|&|PPTConnection::receive() - Failed to read chunk header
1680910130|&|302|&|error|&|PPTConnection::receive() - Failed to read chunk header
1680910131|&|25598|&|error|&|PPTConnection::receive() - Failed to read chunk header
1680910134|&|26663|&|error|&|PPTConnection::receive() - Failed to read chunk header
1680911979|&|26156|&|error|&|PPTConnection::receive() - Failed to read chunk header
1680911980|&|26667|&|error|&|PPTConnection::receive() - Failed to read chunk header
1680911982|&|25592|&|error|&|PPTConnection::receive() - Failed to read chunk header
1680911983|&|29756|&|error|&|PPTConnection::receive() - Failed to read chunk header
1680911984|&|29747|&|error|&|PPTConnection::receive() - Failed to read chunk header
1680911986|&|872|&|error|&|PPTConnection::receive() - Failed to read chunk header
1680911989|&|613|&|error|&|PPTConnection::receive() - Failed to read chunk header
1680911990|&|873|&|error|&|PPTConnection::receive() - Failed to read chunk header
1680911991|&|29749|&|error|&|PPTConnection::receive() - Failed to read chunk header
1680915906|&|15921|&|error|&|CurlUtils::super_easy_perform() - ERROR - Problem with data transfer. Will retry (url: https://harmony.uat.earthdata.nasa.gov/service-results/harmony-uat-eedtest-data/C1234714691-EEDTEST/ATL03_20200202001542_05690610_005_01.h5.dmrpp attempt: 1).
1680915908|&|15921|&|error|&|ERROR: BES Internal Error: DMR++ parse error: No document element found (DMZ.cc:162), current memory usage is 67080 KB.
1680917483|&|15919|&|error|&|CurlUtils::super_easy_perform() - ERROR - Problem with data transfer. Will retry (url: https://harmony.uat.earthdata.nasa.gov/service-results/harmony-uat-eedtest-data/C1234714691-EEDTEST/ATL03_20200131233411_05530614_005_01.h5.dmrpp attempt: 1).
1680917484|&|15919|&|error|&|ERROR: BES Internal Error: DMR++ parse error: No document element found (DMZ.cc:162), current memory usage is 132432 KB.
1680921033|&|15944|&|error|&|CurlUtils::super_easy_perform() - ERROR - Problem with data transfer. Will retry (url: https://harmony.uat.earthdata.nasa.gov/service-results/harmony-uat-eedtest-data/C1234714691-EEDTEST/ATL03_20200131224657_05530607_005_01.h5.dmrpp attempt: 1).
1680921034|&|15944|&|error|&|ERROR: BES Internal Error: DMR++ parse error: No document element found (DMZ.cc:162), current memory usage is 150788 KB.
1680922266|&|298|&|error|&|CurlUtils::super_easy_perform() - ERROR - Problem with data transfer. Will retry (url: https://harmony.uat.earthdata.nasa.gov/service-results/harmony-uat-eedtest-data/C1234714691-EEDTEST/ATL03_20200131224657_05530607_005_01.h5.dmrpp attempt: 1).
1680922267|&|298|&|error|&|ERROR: BES Internal Error: DMR++ parse error: No document element found (DMZ.cc:162), current memory usage is 153508 KB.
1680923272|&|26151|&|error|&|CurlUtils::super_easy_perform() - ERROR - Problem with data transfer. Will retry (url: https://harmony.uat.earthdata.nasa.gov/service-results/harmony-uat-eedtest-data/C1234714691-EEDTEST/ATL03_20200714235814_03000802_005_01.h5.dmrpp attempt: 1).
1680923276|&|26151|&|error|&|ERROR: BES Internal Error: DMR++ parse error: No document element found (DMZ.cc:162), current memory usage is 152720 KB.
1680925433|&|16238|&|error|&|CurlUtils::super_easy_perform() - ERROR - Problem with data transfer. Will retry (url: https://harmony.uat.earthdata.nasa.gov/service-results/harmony-uat-eedtest-data/C1234714691-EEDTEST/ATL03_20200131224657_05530607_005_01.h5.dmrpp attempt: 1).
1680925434|&|16238|&|error|&|ERROR: BES Internal Error: DMR++ parse error: No document element found (DMZ.cc:162), current memory usage is 150460 KB.
1680930421|&|26151|&|error|&|CurlUtils::super_easy_perform() - ERROR - Problem with data transfer. Will retry (url: https://harmony.uat.earthdata.nasa.gov/service-results/harmony-uat-eedtest-data/C1234714691-EEDTEST/ATL03_20200131224657_05530607_005_01.h5 attempt: 1).
1680930421|&|16243|&|error|&|CurlUtils::super_easy_perform() - ERROR - Problem with data transfer. Will retry (url: https://harmony.uat.earthdata.nasa.gov/service-results/harmony-uat-eedtest-data/C1234714691-EEDTEST/ATL03_20200131224657_05530607_005_01.h5.dmrpp attempt: 1).
1680930421|&|26662|&|error|&|CurlUtils::eval_curl_easy_perform_code() - ERROR - cURL experienced a CURLE_SSL_CONNECT_ERROR error. Message: 'cURL_error_buffer: 'OpenSSL SSL_connect: SSL_ERROR_SYSCALL in connection to harmony.uat.earthdata.nasa.gov:443 ' cURL_message: 'SSL connect error' (code: 35)' CURLINFO_EFFECTIVE_URL: https://harmony.uat.earthdata.nasa.gov/service-results/harmony-uat-eedtest-data/C1234714691-EEDTEST/ATL03_20200131224657_05530607_005_01.h5.dmrpp A retry may be possible for: https://harmony.uat.earthdata.nasa.gov/service-results/harmony-uat-eedtest-data/C1234714691-EEDTEST/ATL03_20200131224657_05530607_005_01.h5.dmrpp (attempt: 1).
1680930421|&|26662|&|error|&|CurlUtils::super_easy_perform() - ERROR - Problem with data transfer. Will retry (url: https://harmony.uat.earthdata.nasa.gov/service-results/harmony-uat-eedtest-data/C1234714691-EEDTEST/ATL03_20200131224657_05530607_005_01.h5.dmrpp attempt: 1).
1680930422|&|26662|&|error|&|CurlUtils::super_easy_perform() - ERROR - Problem with data transfer. Will retry (url: https://harmony.uat.earthdata.nasa.gov/service-results/harmony-uat-eedtest-data/C1234714691-EEDTEST/ATL03_20200131224657_05530607_005_01.h5.dmrpp attempt: 2).
1680930423|&|16243|&|error|&|ERROR: BES Internal Error: DMR++ parse error: No document element found (DMZ.cc:162), current memory usage is 150996 KB.
1680930423|&|26662|&|error|&|ERROR: BES Internal Error: DMR++ parse error: No document element found (DMZ.cc:162), current memory usage is 154904 KB.
1680930425|&|616|&|error|&|CurlUtils::eval_curl_easy_perform_code() - ERROR - cURL experienced a CURLE_SSL_CONNECT_ERROR error. Message: 'cURL_error_buffer: 'OpenSSL SSL_connect: SSL_ERROR_SYSCALL in connection to cmr.uat.earthdata.nasa.gov:443 ' cURL_message: 'SSL connect error' (code: 35)' CURLINFO_EFFECTIVE_URL: https://cmr.uat.earthdata.nasa.gov/search/granules.umm_json_v1_4?collection_concept_id=C1234714691-EEDTEST&granule_ur=SC%3AATL03.005%3A225470493 A retry may be possible for: https://cmr.uat.earthdata.nasa.gov/search/granules.umm_json_v1_4?collection_concept_id=C1234714691-EEDTEST&granule_ur=SC%3AATL03.005%3A225470493 (attempt: 1).
1680930425|&|616|&|error|&|CurlUtils::super_easy_perform() - ERROR - Problem with data transfer. Will retry (url: https://cmr.uat.earthdata.nasa.gov/search/granules.umm_json_v1_4?collection_concept_id=C1234714691-EEDTEST&granule_ur=SC%3AATL03.005%3A225470493 attempt: 1).
1680930434|&|15918|&|error|&|CurlUtils::super_easy_perform() - ERROR - Problem with data transfer. Will retry (url: https://harmony.uat.earthdata.nasa.gov/service-results/harmony-uat-eedtest-data/C1234714691-EEDTEST/ATL03_20200131224657_05530607_005_01.h5.dmrpp attempt: 1).
1680930436|&|15918|&|error|&|ERROR: BES Internal Error: DMR++ parse error: No document element found (DMZ.cc:162), current memory usage is 151372 KB.
1680932962|&|15944|&|error|&|CurlUtils::eval_curl_easy_perform_code() - ERROR - cURL experienced a CURLE_SSL_CONNECT_ERROR error. Message: 'cURL_error_buffer: 'OpenSSL SSL_connect: SSL_ERROR_SYSCALL in connection to harmony.uat.earthdata.nasa.gov:443 ' cURL_message: 'SSL connect error' (code: 35)' CURLINFO_EFFECTIVE_URL: https://harmony.uat.earthdata.nasa.gov/service-results/harmony-uat-eedtest-data/C1234714691-EEDTEST/ATL03_20200131224657_05530607_005_01.h5.dmrpp A retry may be possible for: https://harmony.uat.earthdata.nasa.gov/service-results/harmony-uat-eedtest-data/C1234714691-EEDTEST/ATL03_20200131224657_05530607_005_01.h5.dmrpp (attempt: 1).
1680932962|&|15944|&|error|&|CurlUtils::super_easy_perform() - ERROR - Problem with data transfer. Will retry (url: https://harmony.uat.earthdata.nasa.gov/service-results/harmony-uat-eedtest-data/C1234714691-EEDTEST/ATL03_20200131224657_05530607_005_01.h5.dmrpp attempt: 1).
1680932962|&|16243|&|error|&|CurlUtils::super_easy_perform() - ERROR - Problem with data transfer. Will retry (url: https://harmony.uat.earthdata.nasa.gov/service-results/harmony-uat-eedtest-data/C1234714691-EEDTEST/ATL03_20200131224657_05530607_005_01.h5.dmrpp attempt: 1).
1680932963|&|298|&|error|&|CurlUtils::super_easy_perform() - ERROR - Problem with data transfer. Will retry (url: https://harmony.uat.earthdata.nasa.gov/service-results/harmony-uat-eedtest-data/C1234714691-EEDTEST/ATL03_20200131224657_05530607_005_01.h5.dmrpp attempt: 1).
1680932964|&|16243|&|error|&|ERROR: BES Internal Error: DMR++ parse error: No document element found (DMZ.cc:162), current memory usage is 151428 KB.
1680932964|&|298|&|error|&|ERROR: BES Internal Error: DMR++ parse error: No document element found (DMZ.cc:162), current memory usage is 154844 KB.
1680932971|&|26514|&|error|&|CurlUtils::super_easy_perform() - ERROR - Problem with data transfer. Will retry (url: https://harmony.uat.earthdata.nasa.gov/service-results/harmony-uat-eedtest-data/C1234714691-EEDTEST/ATL03_20200131234815_05540602_005_01.h5.dmrpp attempt: 1).
1680932972|&|26662|&|error|&|CurlUtils::eval_curl_easy_perform_code() - ERROR - cURL experienced a CURLE_SSL_CONNECT_ERROR error. Message: 'cURL_error_buffer: 'OpenSSL SSL_connect: SSL_ERROR_SYSCALL in connection to cmr.uat.earthdata.nasa.gov:443 ' cURL_message: 'SSL connect error' (code: 35)' CURLINFO_EFFECTIVE_URL: https://cmr.uat.earthdata.nasa.gov/search/granules.umm_json_v1_4?collection_concept_id=C1234714691-EEDTEST&granule_ur=SC%3AATL03.005%3A225470493 A retry may be possible for: https://cmr.uat.earthdata.nasa.gov/search/granules.umm_json_v1_4?collection_concept_id=C1234714691-EEDTEST&granule_ur=SC%3AATL03.005%3A225470493 (attempt: 1).
1680932972|&|26662|&|error|&|CurlUtils::super_easy_perform() - ERROR - Problem with data transfer. Will retry (url: https://cmr.uat.earthdata.nasa.gov/search/granules.umm_json_v1_4?collection_concept_id=C1234714691-EEDTEST&granule_ur=SC%3AATL03.005%3A225470493 attempt: 1).
1680932972|&|15918|&|error|&|CurlUtils::eval_curl_easy_perform_code() - ERROR - cURL experienced a CURLE_SSL_CONNECT_ERROR error. Message: 'cURL_error_buffer: 'OpenSSL SSL_connect: SSL_ERROR_SYSCALL in connection to cmr.uat.earthdata.nasa.gov:443 ' cURL_message: 'SSL connect error' (code: 35)' CURLINFO_EFFECTIVE_URL: https://cmr.uat.earthdata.nasa.gov/search/granules.umm_json_v1_4?collection_concept_id=C1234714691-EEDTEST&granule_ur=SC%3AATL03.005%3A225470493 A retry may be possible for: https://cmr.uat.earthdata.nasa.gov/search/granules.umm_json_v1_4?collection_concept_id=C1234714691-EEDTEST&granule_ur=SC%3AATL03.005%3A225470493 (attempt: 1).
1680932972|&|15918|&|error|&|CurlUtils::super_easy_perform() - ERROR - Problem with data transfer. Will retry (url: https://cmr.uat.earthdata.nasa.gov/search/granules.umm_json_v1_4?collection_concept_id=C1234714691-EEDTEST&granule_ur=SC%3AATL03.005%3A225470493 attempt: 1).
1680932972|&|26662|&|error|&|CurlUtils::eval_curl_easy_perform_code() - ERROR - cURL experienced a CURLE_SSL_CONNECT_ERROR error. Message: 'cURL_error_buffer: 'OpenSSL SSL_connect: SSL_ERROR_SYSCALL in connection to harmony.uat.earthdata.nasa.gov:443 ' cURL_message: 'SSL connect error' (code: 35)' CURLINFO_EFFECTIVE_URL: https://harmony.uat.earthdata.nasa.gov/service-results/harmony-uat-eedtest-data/C1234714691-EEDTEST/ATL03_20200131234815_05540602_005_01.h5.dmrpp A retry may be possible for: https://harmony.uat.earthdata.nasa.gov/service-results/harmony-uat-eedtest-data/C1234714691-EEDTEST/ATL03_20200131234815_05540602_005_01.h5.dmrpp (attempt: 1).
1680932972|&|26662|&|error|&|CurlUtils::super_easy_perform() - ERROR - Problem with data transfer. Will retry (url: https://harmony.uat.earthdata.nasa.gov/service-results/harmony-uat-eedtest-data/C1234714691-EEDTEST/ATL03_20200131234815_05540602_005_01.h5.dmrpp attempt: 1).
1680932972|&|26514|&|error|&|CurlUtils::super_easy_perform() - ERROR - Problem with data transfer. Will retry (url: https://harmony.uat.earthdata.nasa.gov/service-results/harmony-uat-eedtest-data/C1234714691-EEDTEST/ATL03_20200131234815_05540602_005_01.h5.dmrpp attempt: 2).
1680932974|&|26514|&|error|&|ERROR: BES Internal Error: DMR++ parse error: No document element found (DMZ.cc:162), current memory usage is 151132 KB.
1680932981|&|15924|&|error|&|CurlUtils::eval_curl_easy_perform_code() - ERROR - cURL experienced a CURLE_SSL_CONNECT_ERROR error. Message: 'cURL_error_buffer: 'OpenSSL SSL_connect: SSL_ERROR_SYSCALL in connection to cmr.uat.earthdata.nasa.gov:443 ' cURL_message: 'SSL connect error' (code: 35)' CURLINFO_EFFECTIVE_URL: https://cmr.uat.earthdata.nasa.gov/search/granules.umm_json_v1_4?collection_concept_id=C1234714691-EEDTEST&granule_ur=SC%3AATL03.005%3A225458691 A retry may be possible for: https://cmr.uat.earthdata.nasa.gov/search/granules.umm_json_v1_4?collection_concept_id=C1234714691-EEDTEST&granule_ur=SC%3AATL03.005%3A225458691 (attempt: 1).
1680932981|&|15924|&|error|&|CurlUtils::super_easy_perform() - ERROR - Problem with data transfer. Will retry (url: https://cmr.uat.earthdata.nasa.gov/search/granules.umm_json_v1_4?collection_concept_id=C1234714691-EEDTEST&granule_ur=SC%3AATL03.005%3A225458691 attempt: 1).
1680932982|&|15924|&|error|&|CurlUtils::super_easy_perform() - ERROR - Problem with data transfer. Will retry (url: https://harmony.uat.earthdata.nasa.gov/service-results/harmony-uat-eedtest-data/C1234714691-EEDTEST/ATL03_20200131224657_05530607_005_01.h5.dmrpp attempt: 1).
1680932984|&|15924|&|error|&|ERROR: BES Internal Error: DMR++ parse error: No document element found (DMZ.cc:162), current memory usage is 151264 KB.
1680933598|&|15919|&|error|&|CurlUtils::super_easy_perform() - ERROR - Problem with data transfer. Will retry (url: https://harmony.uat.earthdata.nasa.gov/service-results/harmony-uat-eedtest-data/C1234714691-EEDTEST/ATL03_20200131224657_05530607_005_01.h5.dmrpp attempt: 1).
1680933600|&|15919|&|error|&|ERROR: BES Internal Error: DMR++ parse error: No document element found (DMZ.cc:162), current memory usage is 154132 KB.
1680933841|&|26662|&|error|&|CurlUtils::super_easy_perform() - ERROR - Problem with data transfer. Will retry (url: https://harmony.uat.earthdata.nasa.gov/service-results/harmony-uat-eedtest-data/C1234714691-EEDTEST/ATL03_20200131233411_05530614_005_01.h5.dmrpp attempt: 1).
1680933842|&|26662|&|error|&|ERROR: BES Internal Error: DMR++ parse error: No document element found (DMZ.cc:162), current memory usage is 155100 KB.
1680934288|&|616|&|error|&|CurlUtils::super_easy_perform() - ERROR - Problem with data transfer. Will retry (url: https://harmony.uat.earthdata.nasa.gov/service-results/harmony-uat-eedtest-data/C1234714691-EEDTEST/ATL03_20200131230704_05530610_005_01.h5.dmrpp attempt: 1).
1680934289|&|15918|&|error|&|CurlUtils::super_easy_perform() - ERROR - Problem with data transfer. Will retry (url: https://harmony.uat.earthdata.nasa.gov/service-results/harmony-uat-eedtest-data/C1234714691-EEDTEST/ATL03_20200131230704_05530610_005_01.h5.dmrpp attempt: 1).
1680934289|&|616|&|error|&|ERROR: BES Internal Error: DMR++ parse error: No document element found (DMZ.cc:162), current memory usage is 154484 KB.
1680934289|&|26662|&|error|&|CurlUtils::super_easy_perform() - ERROR - Problem with data transfer. Will retry (url: https://harmony.uat.earthdata.nasa.gov/service-results/harmony-uat-eedtest-data/C1234714691-EEDTEST/ATL03_20200131230704_05530610_005_01.h5 attempt: 1).
1680934290|&|15918|&|error|&|ERROR: BES Internal Error: DMR++ parse error: No document element found (DMZ.cc:162), current memory usage is 151824 KB.
1680934300|&|15944|&|error|&|CurlUtils::super_easy_perform() - ERROR - Problem with data transfer. Will retry (url: https://harmony.uat.earthdata.nasa.gov/service-results/harmony-uat-eedtest-data/C1234714691-EEDTEST/ATL03_20200131224657_05530607_005_01.h5.dmrpp attempt: 1).
1680934301|&|15944|&|error|&|ERROR: BES Internal Error: DMR++ parse error: No document element found (DMZ.cc:162), current memory usage is 152484 KB.
1680934309|&|15918|&|error|&|CurlUtils::eval_curl_easy_perform_code() - ERROR - cURL experienced a CURLE_SSL_CONNECT_ERROR error. Message: 'cURL_error_buffer: 'OpenSSL SSL_connect: SSL_ERROR_SYSCALL in connection to cmr.uat.earthdata.nasa.gov:443 ' cURL_message: 'SSL connect error' (code: 35)' CURLINFO_EFFECTIVE_URL: https://cmr.uat.earthdata.nasa.gov/search/granules.umm_json_v1_4?collection_concept_id=C1234714691-EEDTEST&granule_ur=SC%3AATL03.005%3A225505406 A retry may be possible for: https://cmr.uat.earthdata.nasa.gov/search/granules.umm_json_v1_4?collection_concept_id=C1234714691-EEDTEST&granule_ur=SC%3AATL03.005%3A225505406 (attempt: 1).
1680934309|&|15918|&|error|&|CurlUtils::super_easy_perform() - ERROR - Problem with data transfer. Will retry (url: https://cmr.uat.earthdata.nasa.gov/search/granules.umm_json_v1_4?collection_concept_id=C1234714691-EEDTEST&granule_ur=SC%3AATL03.005%3A225505406 attempt: 1).
1680934309|&|20390|&|error|&|CurlUtils::eval_curl_easy_perform_code() - ERROR - cURL experienced a CURLE_SSL_CONNECT_ERROR error. Message: 'cURL_error_buffer: 'OpenSSL SSL_connect: SSL_ERROR_SYSCALL in connection to cmr.uat.earthdata.nasa.gov:443 ' cURL_message: 'SSL connect error' (code: 35)' CURLINFO_EFFECTIVE_URL: https://cmr.uat.earthdata.nasa.gov/search/granules.umm_json_v1_4?collection_concept_id=C1234714691-EEDTEST&granule_ur=SC%3AATL03.005%3A225505406 A retry may be possible for: https://cmr.uat.earthdata.nasa.gov/search/granules.umm_json_v1_4?collection_concept_id=C1234714691-EEDTEST&granule_ur=SC%3AATL03.005%3A225505406 (attempt: 1).
1680934309|&|20390|&|error|&|CurlUtils::super_easy_perform() - ERROR - Problem with data transfer. Will retry (url: https://cmr.uat.earthdata.nasa.gov/search/granules.umm_json_v1_4?collection_concept_id=C1234714691-EEDTEST&granule_ur=SC%3AATL03.005%3A225505406 attempt: 1).
1680934309|&|616|&|error|&|CurlUtils::super_easy_perform() - ERROR - Problem with data transfer. Will retry (url: https://harmony.uat.earthdata.nasa.gov/service-results/harmony-uat-eedtest-data/C1234714691-EEDTEST/ATL03_20200202001542_05690610_005_01.h5.dmrpp attempt: 1).
1680934311|&|616|&|error|&|ERROR: BES Internal Error: DMR++ parse error: No document element found (DMZ.cc:162), current memory usage is 154484 KB.
1680936851|&|15919|&|error|&|CurlUtils::eval_curl_easy_perform_code() - ERROR - cURL experienced a CURLE_SSL_CONNECT_ERROR error. Message: 'cURL_error_buffer: 'OpenSSL SSL_connect: SSL_ERROR_SYSCALL in connection to harmony.uat.earthdata.nasa.gov:443 ' cURL_message: 'SSL connect error' (code: 35)' CURLINFO_EFFECTIVE_URL: https://harmony.uat.earthdata.nasa.gov/service-results/harmony-uat-eedtest-data/C1234714691-EEDTEST/ATL03_20200131233411_05530614_005_01.h5.dmrpp A retry may be possible for: https://harmony.uat.earthdata.nasa.gov/service-results/harmony-uat-eedtest-data/C1234714691-EEDTEST/ATL03_20200131233411_05530614_005_01.h5.dmrpp (attempt: 1).
1680936851|&|15919|&|error|&|CurlUtils::super_easy_perform() - ERROR - Problem with data transfer. Will retry (url: https://harmony.uat.earthdata.nasa.gov/service-results/harmony-uat-eedtest-data/C1234714691-EEDTEST/ATL03_20200131233411_05530614_005_01.h5.dmrpp attempt: 1).
1680936852|&|15944|&|error|&|CurlUtils::eval_curl_easy_perform_code() - ERROR - cURL experienced a CURLE_SSL_CONNECT_ERROR error. Message: 'cURL_error_buffer: 'OpenSSL SSL_connect: SSL_ERROR_SYSCALL in connection to harmony.uat.earthdata.nasa.gov:443 ' cURL_message: 'SSL connect error' (code: 35)' CURLINFO_EFFECTIVE_URL: https://harmony.uat.earthdata.nasa.gov/service-results/harmony-uat-eedtest-data/C1234714691-EEDTEST/ATL03_20200131233411_05530614_005_01.h5.dmrpp A retry may be possible for: https://harmony.uat.earthdata.nasa.gov/service-results/harmony-uat-eedtest-data/C1234714691-EEDTEST/ATL03_20200131233411_05530614_005_01.h5.dmrpp (attempt: 1).
1680936852|&|15944|&|error|&|CurlUtils::super_easy_perform() - ERROR - Problem with data transfer. Will retry (url: https://harmony.uat.earthdata.nasa.gov/service-results/harmony-uat-eedtest-data/C1234714691-EEDTEST/ATL03_20200131233411_05530614_005_01.h5.dmrpp attempt: 1).
1680936866|&|20390|&|error|&|CurlUtils::eval_curl_easy_perform_code() - ERROR - cURL experienced a CURLE_SSL_CONNECT_ERROR error. Message: 'cURL_error_buffer: 'OpenSSL SSL_connect: SSL_ERROR_SYSCALL in connection to cmr.uat.earthdata.nasa.gov:443 ' cURL_message: 'SSL connect error' (code: 35)' CURLINFO_EFFECTIVE_URL: https://cmr.uat.earthdata.nasa.gov/search/granules.umm_json_v1_4?collection_concept_id=C1234714691-EEDTEST&granule_ur=SC%3AATL03.005%3A225485406 A retry may be possible for: https://cmr.uat.earthdata.nasa.gov/search/granules.umm_json_v1_4?collection_concept_id=C1234714691-EEDTEST&granule_ur=SC%3AATL03.005%3A225485406 (attempt: 1).
1680936866|&|20390|&|error|&|CurlUtils::super_easy_perform() - ERROR - Problem with data transfer. Will retry (url: https://cmr.uat.earthdata.nasa.gov/search/granules.umm_json_v1_4?collection_concept_id=C1234714691-EEDTEST&granule_ur=SC%3AATL03.005%3A225485406 attempt: 1).
1680936867|&|616|&|error|&|CurlUtils::super_easy_perform() - ERROR - Problem with data transfer. Will retry (url: https://harmony.uat.earthdata.nasa.gov/service-results/harmony-uat-eedtest-data/C1234714691-EEDTEST/ATL03_20200131230704_05530610_005_01.h5.dmrpp attempt: 1).
1680936867|&|32135|&|error|&|CurlUtils::eval_curl_easy_perform_code() - ERROR - cURL experienced a CURLE_SSL_CONNECT_ERROR error. Message: 'cURL_error_buffer: 'OpenSSL SSL_connect: SSL_ERROR_SYSCALL in connection to harmony.uat.earthdata.nasa.gov:443 ' cURL_message: 'SSL connect error' (code: 35)' CURLINFO_EFFECTIVE_URL: https://harmony.uat.earthdata.nasa.gov/service-results/harmony-uat-eedtest-data/C1234714691-EEDTEST/ATL03_20200131230704_05530610_005_01.h5.dmrpp A retry may be possible for: https://harmony.uat.earthdata.nasa.gov/service-results/harmony-uat-eedtest-data/C1234714691-EEDTEST/ATL03_20200131230704_05530610_005_01.h5.dmrpp (attempt: 1).
1680936867|&|32135|&|error|&|CurlUtils::super_easy_perform() - ERROR - Problem with data transfer. Will retry (url: https://harmony.uat.earthdata.nasa.gov/service-results/harmony-uat-eedtest-data/C1234714691-EEDTEST/ATL03_20200131230704_05530610_005_01.h5.dmrpp attempt: 1).
1680936868|&|15919|&|error|&|CurlUtils::eval_curl_easy_perform_code() - ERROR - cURL experienced a CURLE_SSL_CONNECT_ERROR error. Message: 'cURL_error_buffer: 'OpenSSL SSL_connect: SSL_ERROR_SYSCALL in connection to harmony.uat.earthdata.nasa.gov:443 ' cURL_message: 'SSL connect error' (code: 35)' CURLINFO_EFFECTIVE_URL: https://harmony.uat.earthdata.nasa.gov/service-results/harmony-uat-eedtest-data/C1234714691-EEDTEST/ATL03_20200131230704_05530610_005_01.h5 A retry may be possible for: https://harmony.uat.earthdata.nasa.gov/service-results/harmony-uat-eedtest-data/C1234714691-EEDTEST/ATL03_20200131230704_05530610_005_01.h5 (attempt: 1).
1680936868|&|15919|&|error|&|CurlUtils::super_easy_perform() - ERROR - Problem with data transfer. Will retry (url: https://harmony.uat.earthdata.nasa.gov/service-results/harmony-uat-eedtest-data/C1234714691-EEDTEST/ATL03_20200131230704_05530610_005_01.h5 attempt: 1).
1680936869|&|616|&|error|&|ERROR: BES Internal Error: DMR++ parse error: No document element found (DMZ.cc:162), current memory usage is 154832 KB.
1680936873|&|15920|&|error|&|CurlUtils::eval_curl_easy_perform_code() - ERROR - cURL experienced a CURLE_SSL_CONNECT_ERROR error. Message: 'cURL_error_buffer: 'OpenSSL SSL_connect: SSL_ERROR_SYSCALL in connection to harmony.uat.earthdata.nasa.gov:443 ' cURL_message: 'SSL connect error' (code: 35)' CURLINFO_EFFECTIVE_URL: https://harmony.uat.earthdata.nasa.gov/service-results/harmony-uat-eedtest-data/C1234714691-EEDTEST/ATL03_20200331235733_00830708_005_01.h5.dmrpp A retry may be possible for: https://harmony.uat.earthdata.nasa.gov/service-results/harmony-uat-eedtest-data/C1234714691-EEDTEST/ATL03_20200331235733_00830708_005_01.h5.dmrpp (attempt: 1).
1680936873|&|15920|&|error|&|CurlUtils::super_easy_perform() - ERROR - Problem with data transfer. Will retry (url: https://harmony.uat.earthdata.nasa.gov/service-results/harmony-uat-eedtest-data/C1234714691-EEDTEST/ATL03_20200331235733_00830708_005_01.h5.dmrpp attempt: 1).
1680936873|&|30759|&|error|&|CurlUtils::super_easy_perform() - ERROR - Problem with data transfer. Will retry (url: https://harmony.uat.earthdata.nasa.gov/service-results/harmony-uat-eedtest-data/C1234714691-EEDTEST/ATL03_20200331235733_00830708_005_01.h5.dmrpp attempt: 1).
1680936874|&|30759|&|error|&|ERROR: BES Internal Error: DMR++ parse error: No document element found (DMZ.cc:162), current memory usage is 143292 KB.
1680938359|&|32135|&|error|&|CurlUtils::eval_curl_easy_perform_code() - ERROR - cURL experienced a CURLE_SSL_CONNECT_ERROR error. Message: 'cURL_error_buffer: 'OpenSSL SSL_connect: SSL_ERROR_SYSCALL in connection to harmony.uat.earthdata.nasa.gov:443 ' cURL_message: 'SSL connect error' (code: 35)' CURLINFO_EFFECTIVE_URL: https://harmony.uat.earthdata.nasa.gov/service-results/harmony-uat-eedtest-data/C1234714691-EEDTEST/ATL03_20200131224657_05530607_005_01.h5.dmrpp A retry may be possible for: https://harmony.uat.earthdata.nasa.gov/service-results/harmony-uat-eedtest-data/C1234714691-EEDTEST/ATL03_20200131224657_05530607_005_01.h5.dmrpp (attempt: 1).
1680938359|&|32135|&|error|&|CurlUtils::super_easy_perform() - ERROR - Problem with data transfer. Will retry (url: https://harmony.uat.earthdata.nasa.gov/service-results/harmony-uat-eedtest-data/C1234714691-EEDTEST/ATL03_20200131224657_05530607_005_01.h5.dmrpp attempt: 1).
1680938359|&|22794|&|error|&|CurlUtils::eval_curl_easy_perform_code() - ERROR - cURL experienced a CURLE_SSL_CONNECT_ERROR error. Message: 'cURL_error_buffer: 'OpenSSL SSL_connect: SSL_ERROR_SYSCALL in connection to harmony.uat.earthdata.nasa.gov:443 ' cURL_message: 'SSL connect error' (code: 35)' CURLINFO_EFFECTIVE_URL: https://harmony.uat.earthdata.nasa.gov/service-results/harmony-uat-eedtest-data/C1234714691-EEDTEST/ATL03_20200131224657_05530607_005_01.h5.dmrpp A retry may be possible for: https://harmony.uat.earthdata.nasa.gov/service-results/harmony-uat-eedtest-data/C1234714691-EEDTEST/ATL03_20200131224657_05530607_005_01.h5.dmrpp (attempt: 1).
1680938359|&|22794|&|error|&|CurlUtils::super_easy_perform() - ERROR - Problem with data transfer. Will retry (url: https://harmony.uat.earthdata.nasa.gov/service-results/harmony-uat-eedtest-data/C1234714691-EEDTEST/ATL03_20200131224657_05530607_005_01.h5.dmrpp attempt: 1).
1680938360|&|15920|&|error|&|CurlUtils::super_easy_perform() - ERROR - Problem with data transfer. Will retry (url: https://harmony.uat.earthdata.nasa.gov/service-results/harmony-uat-eedtest-data/C1234714691-EEDTEST/ATL03_20200131224657_05530607_005_01.h5.dmrpp attempt: 1).
1680938360|&|30759|&|error|&|CurlUtils::super_easy_perform() - ERROR - Problem with data transfer. Will retry (url: https://harmony.uat.earthdata.nasa.gov/service-results/harmony-uat-eedtest-data/C1234714691-EEDTEST/ATL03_20200131224657_05530607_005_01.h5.dmrpp attempt: 1).
1680938360|&|16243|&|error|&|CurlUtils::super_easy_perform() - ERROR - Problem with data transfer. Will retry (url: https://harmony.uat.earthdata.nasa.gov/service-results/harmony-uat-eedtest-data/C1234714691-EEDTEST/ATL03_20200131224657_05530607_005_01.h5.dmrpp attempt: 1).
1680938361|&|15920|&|error|&|ERROR: BES Internal Error: DMR++ parse error: No document element found (DMZ.cc:162), current memory usage is 153524 KB.
1680938361|&|30759|&|error|&|ERROR: BES Internal Error: DMR++ parse error: No document element found (DMZ.cc:162), current memory usage is 146928 KB.
1680938362|&|16243|&|error|&|ERROR: BES Internal Error: DMR++ parse error: No document element found (DMZ.cc:162), current memory usage is 151692 KB.
1680939760|&|22794|&|error|&|CurlUtils::super_easy_perform() - ERROR - Problem with data transfer. Will retry (url: https://harmony.uat.earthdata.nasa.gov/service-results/harmony-uat-eedtest-data/C1234714691-EEDTEST/ATL03_20200714235814_03000802_005_01.h5.dmrpp attempt: 1).
1680939762|&|22794|&|error|&|ERROR: BES Internal Error: DMR++ parse error: No document element found (DMZ.cc:162), current memory usage is 149168 KB.
1680940426|&|22794|&|error|&|CurlUtils::super_easy_perform() - ERROR - Problem with data transfer. Will retry (url: https://harmony.uat.earthdata.nasa.gov/service-results/harmony-uat-eedtest-data/C1234714691-EEDTEST/ATL03_20200131224657_05530607_005_01.h5.dmrpp attempt: 1).
1680940427|&|22794|&|error|&|ERROR: BES Internal Error: DMR++ parse error: No document element found (DMZ.cc:162), current memory usage is 149580 KB.
1680941735|&|15944|&|error|&|CurlUtils::super_easy_perform() - ERROR - Problem with data transfer. Will retry (url: https://harmony.uat.earthdata.nasa.gov/service-results/harmony-uat-eedtest-data/C1234714691-EEDTEST/ATL03_20200131233411_05530614_005_01.h5.dmrpp attempt: 1).
1680941736|&|15944|&|error|&|ERROR: BES Internal Error: DMR++ parse error: No document element found (DMZ.cc:162), current memory usage is 152524 KB.
1680941742|&|298|&|error|&|CurlUtils::super_easy_perform() - ERROR - Problem with data transfer. Will retry (url: https://harmony.uat.earthdata.nasa.gov/service-results/harmony-uat-eedtest-data/C1234714691-EEDTEST/ATL03_20200131234815_05540602_005_01.h5.dmrpp attempt: 1).
1680941743|&|15919|&|error|&|CurlUtils::eval_curl_easy_perform_code() - ERROR - cURL experienced a CURLE_SSL_CONNECT_ERROR error. Message: 'cURL_error_buffer: 'OpenSSL SSL_connect: SSL_ERROR_SYSCALL in connection to harmony.uat.earthdata.nasa.gov:443 ' cURL_message: 'SSL connect error' (code: 35)' CURLINFO_EFFECTIVE_URL: https://harmony.uat.earthdata.nasa.gov/service-results/harmony-uat-eedtest-data/C1234714691-EEDTEST/ATL03_20200202001542_05690610_005_01.h5.dmrpp A retry may be possible for: https://harmony.uat.earthdata.nasa.gov/service-results/harmony-uat-eedtest-data/C1234714691-EEDTEST/ATL03_20200202001542_05690610_005_01.h5.dmrpp (attempt: 1).
1680941743|&|15919|&|error|&|CurlUtils::super_easy_perform() - ERROR - Problem with data transfer. Will retry (url: https://harmony.uat.earthdata.nasa.gov/service-results/harmony-uat-eedtest-data/C1234714691-EEDTEST/ATL03_20200202001542_05690610_005_01.h5.dmrpp attempt: 1).
1680941743|&|15919|&|error|&|CurlUtils::eval_curl_easy_perform_code() - ERROR - cURL experienced a CURLE_SSL_CONNECT_ERROR error. Message: 'cURL_error_buffer: 'OpenSSL SSL_connect: SSL_ERROR_SYSCALL in connection to harmony.uat.earthdata.nasa.gov:443 ' cURL_message: 'SSL connect error' (code: 35)' CURLINFO_EFFECTIVE_URL: https://harmony.uat.earthdata.nasa.gov/service-results/harmony-uat-eedtest-data/C1234714691-EEDTEST/ATL03_20200202001542_05690610_005_01.h5.dmrpp A retry may be possible for: https://harmony.uat.earthdata.nasa.gov/service-results/harmony-uat-eedtest-data/C1234714691-EEDTEST/ATL03_20200202001542_05690610_005_01.h5.dmrpp (attempt: 2).
1680941743|&|15919|&|error|&|CurlUtils::super_easy_perform() - ERROR - Problem with data transfer. Will retry (url: https://harmony.uat.earthdata.nasa.gov/service-results/harmony-uat-eedtest-data/C1234714691-EEDTEST/ATL03_20200202001542_05690610_005_01.h5.dmrpp attempt: 2).
1680941744|&|298|&|error|&|ERROR: BES Internal Error: DMR++ parse error: No document element found (DMZ.cc:162), current memory usage is 155236 KB.
1680941746|&|15919|&|error|&|CurlUtils::super_easy_perform() - ERROR - Problem with data transfer. Will retry (url: https://harmony.uat.earthdata.nasa.gov/service-results/harmony-uat-eedtest-data/C1234714691-EEDTEST/ATL03_20200202001542_05690610_005_01.h5 attempt: 1).
1680941748|&|26662|&|error|&|CurlUtils::eval_curl_easy_perform_code() - ERROR - cURL experienced a CURLE_SSL_CONNECT_ERROR error. Message: 'cURL_error_buffer: 'OpenSSL SSL_connect: SSL_ERROR_SYSCALL in connection to cmr.uat.earthdata.nasa.gov:443 ' cURL_message: 'SSL connect error' (code: 35)' CURLINFO_EFFECTIVE_URL: https://cmr.uat.earthdata.nasa.gov/search/granules.umm_json_v1_4?collection_concept_id=C1234714691-EEDTEST&granule_ur=SC%3AATL03.005%3A225458691 A retry may be possible for: https://cmr.uat.earthdata.nasa.gov/search/granules.umm_json_v1_4?collection_concept_id=C1234714691-EEDTEST&granule_ur=SC%3AATL03.005%3A225458691 (attempt: 1).
1680941748|&|26662|&|error|&|CurlUtils::super_easy_perform() - ERROR - Problem with data transfer. Will retry (url: https://cmr.uat.earthdata.nasa.gov/search/granules.umm_json_v1_4?collection_concept_id=C1234714691-EEDTEST&granule_ur=SC%3AATL03.005%3A225458691 attempt: 1).
1680941748|&|22794|&|error|&|CurlUtils::eval_curl_easy_perform_code() - ERROR - cURL experienced a CURLE_SSL_CONNECT_ERROR error. Message: 'cURL_error_buffer: 'OpenSSL SSL_connect: SSL_ERROR_SYSCALL in connection to cmr.uat.earthdata.nasa.gov:443 ' cURL_message: 'SSL connect error' (code: 35)' CURLINFO_EFFECTIVE_URL: https://cmr.uat.earthdata.nasa.gov/search/granules.umm_json_v1_4?collection_concept_id=C1234714691-EEDTEST&granule_ur=SC%3AATL03.005%3A225458691 A retry may be possible for: https://cmr.uat.earthdata.nasa.gov/search/granules.umm_json_v1_4?collection_concept_id=C1234714691-EEDTEST&granule_ur=SC%3AATL03.005%3A225458691 (attempt: 1).
1680941748|&|22794|&|error|&|CurlUtils::super_easy_perform() - ERROR - Problem with data transfer. Will retry (url: https://cmr.uat.earthdata.nasa.gov/search/granules.umm_json_v1_4?collection_concept_id=C1234714691-EEDTEST&granule_ur=SC%3AATL03.005%3A225458691 attempt: 1).
1680941748|&|616|&|error|&|CurlUtils::eval_curl_easy_perform_code() - ERROR - cURL experienced a CURLE_SSL_CONNECT_ERROR error. Message: 'cURL_error_buffer: 'OpenSSL SSL_connect: SSL_ERROR_SYSCALL in connection to harmony.uat.earthdata.nasa.gov:443 ' cURL_message: 'SSL connect error' (code: 35)' CURLINFO_EFFECTIVE_URL: https://harmony.uat.earthdata.nasa.gov/service-results/harmony-uat-eedtest-data/C1234714691-EEDTEST/ATL03_20200131224657_05530607_005_01.h5.dmrpp A retry may be possible for: https://harmony.uat.earthdata.nasa.gov/service-results/harmony-uat-eedtest-data/C1234714691-EEDTEST/ATL03_20200131224657_05530607_005_01.h5.dmrpp (attempt: 1).
1680941748|&|616|&|error|&|CurlUtils::super_easy_perform() - ERROR - Problem with data transfer. Will retry (url: https://harmony.uat.earthdata.nasa.gov/service-results/harmony-uat-eedtest-data/C1234714691-EEDTEST/ATL03_20200131224657_05530607_005_01.h5.dmrpp attempt: 1).
1680941748|&|15944|&|error|&|CurlUtils::eval_curl_easy_perform_code() - ERROR - cURL experienced a CURLE_SSL_CONNECT_ERROR error. Message: 'cURL_error_buffer: 'OpenSSL SSL_connect: SSL_ERROR_SYSCALL in connection to harmony.uat.earthdata.nasa.gov:443 ' cURL_message: 'SSL connect error' (code: 35)' CURLINFO_EFFECTIVE_URL: https://harmony.uat.earthdata.nasa.gov/service-results/harmony-uat-eedtest-data/C1234714691-EEDTEST/ATL03_20200131224657_05530607_005_01.h5.dmrpp A retry may be possible for: https://harmony.uat.earthdata.nasa.gov/service-results/harmony-uat-eedtest-data/C1234714691-EEDTEST/ATL03_20200131224657_05530607_005_01.h5.dmrpp (attempt: 1).
1680941748|&|15944|&|error|&|CurlUtils::super_easy_perform() - ERROR - Problem with data transfer. Will retry (url: https://harmony.uat.earthdata.nasa.gov/service-results/harmony-uat-eedtest-data/C1234714691-EEDTEST/ATL03_20200131224657_05530607_005_01.h5.dmrpp attempt: 1).
1680941748|&|22795|&|error|&|CurlUtils::eval_curl_easy_perform_code() - ERROR - cURL experienced a CURLE_SSL_CONNECT_ERROR error. Message: 'cURL_error_buffer: 'OpenSSL SSL_connect: SSL_ERROR_SYSCALL in connection to harmony.uat.earthdata.nasa.gov:443 ' cURL_message: 'SSL connect error' (code: 35)' CURLINFO_EFFECTIVE_URL: https://harmony.uat.earthdata.nasa.gov/service-results/harmony-uat-eedtest-data/C1234714691-EEDTEST/ATL03_20200131224657_05530607_005_01.h5.dmrpp A retry may be possible for: https://harmony.uat.earthdata.nasa.gov/service-results/harmony-uat-eedtest-data/C1234714691-EEDTEST/ATL03_20200131224657_05530607_005_01.h5.dmrpp (attempt: 1).
1680941748|&|22795|&|error|&|CurlUtils::super_easy_perform() - ERROR - Problem with data transfer. Will retry (url: https://harmony.uat.earthdata.nasa.gov/service-results/harmony-uat-eedtest-data/C1234714691-EEDTEST/ATL03_20200131224657_05530607_005_01.h5.dmrpp attempt: 1).
1680942989|&|298|&|error|&|PPTConnection::receive() - Failed to read chunk header
1680943287|&|616|&|error|&|PPTConnection::receive() - Failed to read chunk header
1680944093|&|16243|&|error|&|CurlUtils::super_easy_perform() - ERROR - Problem with data transfer. Will retry (url: https://harmony.uat.earthdata.nasa.gov/service-results/harmony-uat-eedtest-data/C1234714691-EEDTEST/ATL03_20200331235733_00830708_005_01.h5.dmrpp attempt: 1).
1680944095|&|16243|&|error|&|ERROR: BES Internal Error: DMR++ parse error: No document element found (DMZ.cc:162), current memory usage is 151844 KB.
1680944379|&|26662|&|error|&|CurlUtils::super_easy_perform() - ERROR - Problem with data transfer. Will retry (url: https://harmony.uat.earthdata.nasa.gov/service-results/harmony-uat-eedtest-data/C1234714691-EEDTEST/ATL03_20200331235733_00830708_005_01.h5 attempt: 1).
1680945398|&|22795|&|error|&|CurlUtils::eval_curl_easy_perform_code() - ERROR - cURL experienced a CURLE_SSL_CONNECT_ERROR error. Message: 'cURL_error_buffer: 'OpenSSL SSL_connect: SSL_ERROR_SYSCALL in connection to harmony.uat.earthdata.nasa.gov:443 ' cURL_message: 'SSL connect error' (code: 35)' CURLINFO_EFFECTIVE_URL: https://harmony.uat.earthdata.nasa.gov/service-results/harmony-uat-eedtest-data/C1234714691-EEDTEST/ATL03_20200131224657_05530607_005_01.h5.dmrpp A retry may be possible for: https://harmony.uat.earthdata.nasa.gov/service-results/harmony-uat-eedtest-data/C1234714691-EEDTEST/ATL03_20200131224657_05530607_005_01.h5.dmrpp (attempt: 1).
1680945398|&|22795|&|error|&|CurlUtils::super_easy_perform() - ERROR - Problem with data transfer. Will retry (url: https://harmony.uat.earthdata.nasa.gov/service-results/harmony-uat-eedtest-data/C1234714691-EEDTEST/ATL03_20200131224657_05530607_005_01.h5.dmrpp attempt: 1).
1680945726|&|26151|&|error|&|PPTConnection::receive() - Failed to read chunk header
1680945841|&|26662|&|error|&|PPTConnection::receive() - Failed to read chunk header
1680945880|&|32135|&|error|&|PPTConnection::receive() - Failed to read chunk header
1680945973|&|22794|&|error|&|CurlUtils::super_easy_perform() - ERROR - Problem with data transfer. Will retry (url: https://harmony.uat.earthdata.nasa.gov/service-results/harmony-uat-eedtest-data/C1234714691-EEDTEST/ATL03_20200131224657_05530607_005_01.h5.dmrpp attempt: 1).
1680945975|&|22794|&|error|&|ERROR: BES Internal Error: DMR++ parse error: No document element found (DMZ.cc:162), current memory usage is 149836 KB.
1680946754|&|15918|&|error|&|PPTConnection::receive() - Failed to read chunk header
1680946826|&|15919|&|error|&|PPTConnection::receive() - Failed to read chunk header
1680946850|&|15944|&|error|&|PPTConnection::receive() - Failed to read chunk header
1680946880|&|15920|&|error|&|PPTConnection::receive() - Failed to read chunk header
1680946896|&|15921|&|error|&|PPTConnection::receive() - Failed to read chunk header
1680946973|&|16243|&|error|&|PPTConnection::receive() - Failed to read chunk header
1680948175|&|20390|&|error|&|CurlUtils::super_easy_perform() - ERROR - Problem with data transfer. Will retry (url: https://harmony.uat.earthdata.nasa.gov/service-results/harmony-uat-eedtest-data/C1234714691-EEDTEST/ATL03_20200331235733_00830708_005_01.h5.dmrpp attempt: 1).
1680948176|&|20390|&|error|&|ERROR: BES Internal Error: DMR++ parse error: No document element found (DMZ.cc:162), current memory usage is 150428 KB.
1680949822|&|30759|&|error|&|CurlUtils::eval_curl_easy_perform_code() - ERROR - cURL experienced a CURLE_SSL_CONNECT_ERROR error. Message: 'cURL_error_buffer: 'OpenSSL SSL_connect: SSL_ERROR_SYSCALL in connection to cmr.uat.earthdata.nasa.gov:443 ' cURL_message: 'SSL connect error' (code: 35)' CURLINFO_EFFECTIVE_URL: https://cmr.uat.earthdata.nasa.gov/search/granules.umm_json_v1_4?collection_concept_id=C1234714691-EEDTEST&granule_ur=SC%3AATL03.005%3A225458691 A retry may be possible for: https://cmr.uat.earthdata.nasa.gov/search/granules.umm_json_v1_4?collection_concept_id=C1234714691-EEDTEST&granule_ur=SC%3AATL03.005%3A225458691 (attempt: 1).
1680949822|&|30759|&|error|&|CurlUtils::super_easy_perform() - ERROR - Problem with data transfer. Will retry (url: https://cmr.uat.earthdata.nasa.gov/search/granules.umm_json_v1_4?collection_concept_id=C1234714691-EEDTEST&granule_ur=SC%3AATL03.005%3A225458691 attempt: 1).
1680949822|&|27526|&|error|&|CurlUtils::eval_curl_easy_perform_code() - ERROR - cURL experienced a CURLE_SSL_CONNECT_ERROR error. Message: 'cURL_error_buffer: 'OpenSSL SSL_connect: SSL_ERROR_SYSCALL in connection to cmr.uat.earthdata.nasa.gov:443 ' cURL_message: 'SSL connect error' (code: 35)' CURLINFO_EFFECTIVE_URL: https://cmr.uat.earthdata.nasa.gov/search/granules.umm_json_v1_4?collection_concept_id=C1234714691-EEDTEST&granule_ur=SC%3AATL03.005%3A225458691 A retry may be possible for: https://cmr.uat.earthdata.nasa.gov/search/granules.umm_json_v1_4?collection_concept_id=C1234714691-EEDTEST&granule_ur=SC%3AATL03.005%3A225458691 (attempt: 1).
1680949822|&|27526|&|error|&|CurlUtils::super_easy_perform() - ERROR - Problem with data transfer. Will retry (url: https://cmr.uat.earthdata.nasa.gov/search/granules.umm_json_v1_4?collection_concept_id=C1234714691-EEDTEST&granule_ur=SC%3AATL03.005%3A225458691 attempt: 1).
1680949824|&|3056|&|error|&|CurlUtils::super_easy_perform() - ERROR - Problem with data transfer. Will retry (url: https://harmony.uat.earthdata.nasa.gov/service-results/harmony-uat-eedtest-data/C1234714691-EEDTEST/ATL03_20200131224657_05530607_005_01.h5.dmrpp attempt: 1).
1680949825|&|3056|&|error|&|ERROR: BES Internal Error: DMR++ parse error: No document element found (DMZ.cc:162), current memory usage is 104500 KB.
1680951765|&|22795|&|error|&|CurlUtils::super_easy_perform() - ERROR - Problem with data transfer. Will retry (url: https://harmony.uat.earthdata.nasa.gov/service-results/harmony-uat-eedtest-data/C1234714691-EEDTEST/ATL03_20200202001542_05690610_005_01.h5.dmrpp attempt: 1).
1680951767|&|22795|&|error|&|ERROR: BES Internal Error: DMR++ parse error: No document element found (DMZ.cc:162), current memory usage is 150216 KB.
1680952409|&|25490|&|error|&|CurlUtils::super_easy_perform() - ERROR - Problem with data transfer. Will retry (url: https://harmony.uat.earthdata.nasa.gov/service-results/harmony-uat-eedtest-data/C1234714691-EEDTEST/ATL03_20200131224657_05530607_005_01.h5.dmrpp attempt: 1).
1680952411|&|25490|&|error|&|ERROR: BES Internal Error: DMR++ parse error: No document element found (DMZ.cc:162), current memory usage is 148928 KB.
1680952413|&|3056|&|error|&|CurlUtils::super_easy_perform() - ERROR - Problem with data transfer. Will retry (url: https://harmony.uat.earthdata.nasa.gov/service-results/harmony-uat-eedtest-data/C1234714691-EEDTEST/ATL03_20200131234815_05540602_005_01.h5.dmrpp attempt: 1).
1680952414|&|12865|&|error|&|CurlUtils::super_easy_perform() - ERROR - Problem with data transfer. Will retry (url: https://harmony.uat.earthdata.nasa.gov/service-results/harmony-uat-eedtest-data/C1234714691-EEDTEST/ATL03_20200131234815_05540602_005_01.h5.dmrpp attempt: 1).
1680952414|&|4300|&|error|&|CurlUtils::eval_curl_easy_perform_code() - ERROR - cURL experienced a CURLE_SSL_CONNECT_ERROR error. Message: 'cURL_error_buffer: 'OpenSSL SSL_connect: SSL_ERROR_SYSCALL in connection to harmony.uat.earthdata.nasa.gov:443 ' cURL_message: 'SSL connect error' (code: 35)' CURLINFO_EFFECTIVE_URL: https://harmony.uat.earthdata.nasa.gov/service-results/harmony-uat-eedtest-data/C1234714691-EEDTEST/ATL03_20200131234815_05540602_005_01.h5.dmrpp A retry may be possible for: https://harmony.uat.earthdata.nasa.gov/service-results/harmony-uat-eedtest-data/C1234714691-EEDTEST/ATL03_20200131234815_05540602_005_01.h5.dmrpp (attempt: 1).
1680952414|&|4300|&|error|&|CurlUtils::super_easy_perform() - ERROR - Problem with data transfer. Will retry (url: https://harmony.uat.earthdata.nasa.gov/service-results/harmony-uat-eedtest-data/C1234714691-EEDTEST/ATL03_20200131234815_05540602_005_01.h5.dmrpp attempt: 1).
1680952415|&|22794|&|error|&|CurlUtils::super_easy_perform() - ERROR - Problem with data transfer. Will retry (url: https://harmony.uat.earthdata.nasa.gov/service-results/harmony-uat-eedtest-data/C1234714691-EEDTEST/ATL03_20200131234815_05540602_005_01.h5.dmrpp attempt: 1).
1680952415|&|3056|&|error|&|ERROR: BES Internal Error: DMR++ parse error: No document element found (DMZ.cc:162), current memory usage is 172004 KB.
1680952416|&|12865|&|error|&|ERROR: BES Internal Error: DMR++ parse error: No document element found (DMZ.cc:162), current memory usage is 150160 KB.
1680952416|&|22794|&|error|&|ERROR: BES Internal Error: DMR++ parse error: No document element found (DMZ.cc:162), current memory usage is 152012 KB.
1680952419|&|27523|&|error|&|CurlUtils::eval_curl_easy_perform_code() - ERROR - cURL experienced a CURLE_SSL_CONNECT_ERROR error. Message: 'cURL_error_buffer: 'OpenSSL SSL_connect: SSL_ERROR_SYSCALL in connection to harmony.uat.earthdata.nasa.gov:443 ' cURL_message: 'SSL connect error' (code: 35)' CURLINFO_EFFECTIVE_URL: https://harmony.uat.earthdata.nasa.gov/service-results/harmony-uat-eedtest-data/C1234714691-EEDTEST/ATL03_20200131224657_05530607_005_01.h5.dmrpp A retry may be possible for: https://harmony.uat.earthdata.nasa.gov/service-results/harmony-uat-eedtest-data/C1234714691-EEDTEST/ATL03_20200131224657_05530607_005_01.h5.dmrpp (attempt: 1).
1680952419|&|27523|&|error|&|CurlUtils::super_easy_perform() - ERROR - Problem with data transfer. Will retry (url: https://harmony.uat.earthdata.nasa.gov/service-results/harmony-uat-eedtest-data/C1234714691-EEDTEST/ATL03_20200131224657_05530607_005_01.h5.dmrpp attempt: 1).
1680952419|&|20390|&|error|&|CurlUtils::eval_curl_easy_perform_code() - ERROR - cURL experienced a CURLE_SSL_CONNECT_ERROR error. Message: 'cURL_error_buffer: 'OpenSSL SSL_connect: SSL_ERROR_SYSCALL in connection to harmony.uat.earthdata.nasa.gov:443 ' cURL_message: 'SSL connect error' (code: 35)' CURLINFO_EFFECTIVE_URL: https://harmony.uat.earthdata.nasa.gov/service-results/harmony-uat-eedtest-data/C1234714691-EEDTEST/ATL03_20200131224657_05530607_005_01.h5.dmrpp A retry may be possible for: https://harmony.uat.earthdata.nasa.gov/service-results/harmony-uat-eedtest-data/C1234714691-EEDTEST/ATL03_20200131224657_05530607_005_01.h5.dmrpp (attempt: 1).
1680952419|&|20390|&|error|&|CurlUtils::super_easy_perform() - ERROR - Problem with data transfer. Will retry (url: https://harmony.uat.earthdata.nasa.gov/service-results/harmony-uat-eedtest-data/C1234714691-EEDTEST/ATL03_20200131224657_05530607_005_01.h5.dmrpp attempt: 1).
1680952717|&|22795|&|error|&|CurlUtils::super_easy_perform() - ERROR - Problem with data transfer. Will retry (url: https://harmony.uat.earthdata.nasa.gov/service-results/harmony-uat-eedtest-data/C1234714691-EEDTEST/ATL03_20200331235733_00830708_005_01.h5.dmrpp attempt: 1).
1680952718|&|22795|&|error|&|ERROR: BES Internal Error: DMR++ parse error: No document element found (DMZ.cc:162), current memory usage is 150628 KB.
1680952977|&|25886|&|error|&|CurlUtils::super_easy_perform() - ERROR - Problem with data transfer. Will retry (url: https://harmony.uat.earthdata.nasa.gov/service-results/harmony-uat-eedtest-data/C1234714691-EEDTEST/ATL03_20200131230704_05530610_005_01.h5 attempt: 1).
1680953395|&|27523|&|error|&|CurlUtils::super_easy_perform() - ERROR - Problem with data transfer. Will retry (url: https://harmony.uat.earthdata.nasa.gov/service-results/harmony-uat-eedtest-data/C1234714691-EEDTEST/ATL03_20200131233411_05530614_005_01.h5.dmrpp attempt: 1).
1680953396|&|27523|&|error|&|ERROR: BES Internal Error: DMR++ parse error: No document element found (DMZ.cc:162), current memory usage is 171172 KB.
1680953410|&|27523|&|error|&|CurlUtils::super_easy_perform() - ERROR - Problem with data transfer. Will retry (url: https://harmony.uat.earthdata.nasa.gov/service-results/harmony-uat-eedtest-data/C1234714691-EEDTEST/ATL03_20200131224657_05530607_005_01.h5.dmrpp attempt: 1).
1680953412|&|27523|&|error|&|ERROR: BES Internal Error: DMR++ parse error: No document element found (DMZ.cc:162), current memory usage is 171172 KB.
1680953428|&|27536|&|error|&|CurlUtils::super_easy_perform() - ERROR - Problem with data transfer. Will retry (url: https://harmony.uat.earthdata.nasa.gov/service-results/harmony-uat-eedtest-data/C1234714691-EEDTEST/ATL03_20200202001542_05690610_005_01.h5 attempt: 1).
1680953454|&|20390|&|error|&|CurlUtils::super_easy_perform() - ERROR - Problem with data transfer. Will retry (url: https://harmony.uat.earthdata.nasa.gov/service-results/harmony-uat-eedtest-data/C1234714691-EEDTEST/ATL03_20200131234815_05540602_005_01.h5 attempt: 1).
1680954535|&|25489|&|error|&|CurlUtils::super_easy_perform() - ERROR - Problem with data transfer. Will retry (url: https://harmony.uat.earthdata.nasa.gov/service-results/harmony-uat-eedtest-data/C1234714691-EEDTEST/ATL03_20200714235814_03000802_005_01.h5.dmrpp attempt: 1).
1680954537|&|25489|&|error|&|ERROR: BES Internal Error: DMR++ parse error: No document element found (DMZ.cc:162), current memory usage is 152280 KB.
1680954816|&|27527|&|error|&|CurlUtils::super_easy_perform() - ERROR - Problem with data transfer. Will retry (url: https://harmony.uat.earthdata.nasa.gov/service-results/harmony-uat-eedtest-data/C1234714691-EEDTEST/ATL03_20200131233411_05530614_005_01.h5.dmrpp attempt: 1).
1680954817|&|27527|&|error|&|ERROR: BES Internal Error: DMR++ parse error: No document element found (DMZ.cc:162), current memory usage is 150636 KB.
1680955105|&|12865|&|error|&|CurlUtils::super_easy_perform() - ERROR - Problem with data transfer. Will retry (url: https://harmony.uat.earthdata.nasa.gov/service-results/harmony-uat-eedtest-data/C1234714691-EEDTEST/ATL03_20200202001542_05690610_005_01.h5.dmrpp attempt: 1).
1680955106|&|12865|&|error|&|ERROR: BES Internal Error: DMR++ parse error: No document element found (DMZ.cc:162), current memory usage is 159304 KB.
1680955512|&|25490|&|error|&|CurlUtils::super_easy_perform() - ERROR - Problem with data transfer. Will retry (url: https://harmony.uat.earthdata.nasa.gov/service-results/harmony-uat-eedtest-data/C1234714691-EEDTEST/ATL03_20200131224657_05530607_005_01.h5.dmrpp attempt: 1).
1680955513|&|25490|&|error|&|ERROR: BES Internal Error: DMR++ parse error: No document element found (DMZ.cc:162), current memory usage is 150196 KB.
[root@c04cc6b44d7d /]#