[root@e37dc70f9df5 /]# more bes-error.log
1680908321|&|251|&|error|&|CurlUtils::super_easy_perform() - ERROR - Problem with data transfer. Will retry (url: https://harmony.uat.earthdata.nasa.gov/service-results/harmony-uat-eedtest-data/C1234714691-
EEDTEST/ATL03_20200714235814_03000802_005_01.h5 attempt: 1).
1680911979|&|149|&|error|&|PPTConnection::receive() - Failed to read chunk header
1680911980|&|26173|&|error|&|PPTConnection::receive() - Failed to read chunk header
1680911981|&|6063|&|error|&|PPTConnection::receive() - Failed to read chunk header
1680911982|&|248|&|error|&|PPTConnection::receive() - Failed to read chunk header
1680911982|&|261|&|error|&|CurlUtils::super_easy_perform() - ERROR - Problem with data transfer. Will retry (url: https://harmony.uat.earthdata.nasa.gov/service-results/harmony-uat-eedtest-data/C1234714691-
EEDTEST/ATL03_20200202001542_05690610_005_01.h5.dmrpp attempt: 1).
1680911984|&|26167|&|error|&|PPTConnection::receive() - Failed to read chunk header
1680911984|&|261|&|error|&|ERROR: BES Internal Error: DMR++ parse error: No document element found (DMZ.cc:162), current memory usage is 145752 KB.
1680911985|&|26154|&|error|&|PPTConnection::receive() - Failed to read chunk header
1680911986|&|26161|&|error|&|PPTConnection::receive() - Failed to read chunk header
1680911988|&|263|&|error|&|PPTConnection::receive() - Failed to read chunk header
1680911988|&|249|&|error|&|PPTConnection::receive() - Failed to read chunk header
1680911990|&|27513|&|error|&|PPTConnection::receive() - Failed to read chunk header
1680911990|&|26158|&|error|&|PPTConnection::receive() - Failed to read chunk header
1680911991|&|27525|&|error|&|PPTConnection::receive() - Failed to read chunk header
1680911991|&|26185|&|error|&|PPTConnection::receive() - Failed to read chunk header
1680911993|&|250|&|error|&|PPTConnection::receive() - Failed to read chunk header
1680911993|&|6070|&|error|&|PPTConnection::receive() - Failed to read chunk header
1680911994|&|254|&|error|&|PPTConnection::receive() - Failed to read chunk header
1680911995|&|27526|&|error|&|PPTConnection::receive() - Failed to read chunk header
1680914891|&|3547|&|error|&|ERROR: BES User Syntax Error:
1680916569|&|259|&|error|&|ERROR: BES User Syntax Error:
1680927462|&|16657|&|error|&|CurlUtils::super_easy_perform() - ERROR - Problem with data transfer. Will retry (url: https://harmony.uat.earthdata.nasa.gov/service-results/harmony-uat-eedtest-data/C123471469
1-EEDTEST/ATL03_20200131224657_05530607_005_01.h5.dmrpp attempt: 1).
1680927463|&|16657|&|error|&|ERROR: BES Internal Error: DMR++ parse error: No document element found (DMZ.cc:162), current memory usage is 149608 KB.
1680930420|&|3547|&|error|&|CurlUtils::super_easy_perform() - ERROR - Problem with data transfer. Will retry (url: https://harmony.uat.earthdata.nasa.gov/service-results/harmony-uat-eedtest-data/C1234714691
-EEDTEST/ATL03_20200131224657_05530607_005_01.h5.dmrpp attempt: 1).
1680930422|&|3547|&|error|&|ERROR: BES Internal Error: DMR++ parse error: No document element found (DMZ.cc:162), current memory usage is 152708 KB.
1680930426|&|16658|&|error|&|CurlUtils::super_easy_perform() - ERROR - Problem with data transfer. Will retry (url: https://harmony.uat.earthdata.nasa.gov/service-results/harmony-uat-eedtest-data/C123471469
1-EEDTEST/ATL03_20200131234815_05540602_005_01.h5.dmrpp attempt: 1).
1680930428|&|16658|&|error|&|ERROR: BES Internal Error: DMR++ parse error: No document element found (DMZ.cc:162), current memory usage is 172728 KB.
1680931117|&|16655|&|error|&|CurlUtils::super_easy_perform() - ERROR - Problem with data transfer. Will retry (url: https://harmony.uat.earthdata.nasa.gov/service-results/harmony-uat-eedtest-data/C123471469
1-EEDTEST/ATL03_20200131224657_05530607_005_01.h5.dmrpp attempt: 1).
1680931118|&|16655|&|error|&|ERROR: BES Internal Error: DMR++ parse error: No document element found (DMZ.cc:162), current memory usage is 151544 KB.
1680931887|&|16657|&|error|&|CurlUtils::super_easy_perform() - ERROR - Problem with data transfer. Will retry (url: https://harmony.uat.earthdata.nasa.gov/service-results/harmony-uat-eedtest-data/C123471469
1-EEDTEST/ATL03_20200131224657_05530607_005_01.h5.dmrpp attempt: 1).
1680931888|&|16657|&|error|&|ERROR: BES Internal Error: DMR++ parse error: No document element found (DMZ.cc:162), current memory usage is 150716 KB.
1680932970|&|16685|&|error|&|CurlUtils::super_easy_perform() - ERROR - Problem with data transfer. Will retry (url: https://harmony.uat.earthdata.nasa.gov/service-results/harmony-uat-eedtest-data/C123471469
1-EEDTEST/ATL03_20200131234815_05540602_005_01.h5 attempt: 1).
1680932973|&|259|&|error|&|CurlUtils::super_easy_perform() - ERROR - Problem with data transfer. Will retry (url: https://harmony.uat.earthdata.nasa.gov/service-results/harmony-uat-eedtest-data/C1234714691-
EEDTEST/ATL03_20200131234815_05540602_005_01.h5.dmrpp attempt: 1).
1680932974|&|259|&|error|&|CurlUtils::super_easy_perform() - ERROR - Problem with data transfer. Will retry (url: https://harmony.uat.earthdata.nasa.gov/service-results/harmony-uat-eedtest-data/C1234714691-
EEDTEST/ATL03_20200131234815_05540602_005_01.h5.dmrpp attempt: 2).
1680932976|&|259|&|error|&|ERROR: BES Internal Error: DMR++ parse error: No document element found (DMZ.cc:162), current memory usage is 153240 KB.
1680932981|&|20895|&|error|&|CurlUtils::super_easy_perform() - ERROR - Problem with data transfer. Will retry (url: https://harmony.uat.earthdata.nasa.gov/service-results/harmony-uat-eedtest-data/C123471469
1-EEDTEST/ATL03_20200131224657_05530607_005_01.h5.dmrpp attempt: 1).
1680932983|&|20895|&|error|&|ERROR: BES Internal Error: DMR++ parse error: No document element found (DMZ.cc:162), current memory usage is 152632 KB.
1680934299|&|16042|&|error|&|CurlUtils::super_easy_perform() - ERROR - Problem with data transfer. Will retry (url: https://harmony.uat.earthdata.nasa.gov/service-results/harmony-uat-eedtest-data/C123471469
1-EEDTEST/ATL03_20200131224657_05530607_005_01.h5.dmrpp attempt: 1).
1680934300|&|16650|&|error|&|CurlUtils::super_easy_perform() - ERROR - Problem with data transfer. Will retry (url: https://harmony.uat.earthdata.nasa.gov/service-results/harmony-uat-eedtest-data/C123471469
1-EEDTEST/ATL03_20200131224657_05530607_005_01.h5.dmrpp attempt: 1).
1680934301|&|16042|&|error|&|ERROR: BES Internal Error: DMR++ parse error: No document element found (DMZ.cc:162), current memory usage is 171696 KB.
1680934301|&|16650|&|error|&|ERROR: BES Internal Error: DMR++ parse error: No document element found (DMZ.cc:162), current memory usage is 150980 KB.
1680934309|&|20895|&|error|&|CurlUtils::super_easy_perform() - ERROR - Problem with data transfer. Will retry (url: https://harmony.uat.earthdata.nasa.gov/service-results/harmony-uat-eedtest-data/C123471469
1-EEDTEST/ATL03_20200202001542_05690610_005_01.h5.dmrpp attempt: 1).
1680934310|&|20895|&|error|&|ERROR: BES Internal Error: DMR++ parse error: No document element found (DMZ.cc:162), current memory usage is 154292 KB.
1680934423|&|261|&|error|&|CurlUtils::super_easy_perform() - ERROR - Problem with data transfer. Will retry (url: https://harmony.uat.earthdata.nasa.gov/service-results/harmony-uat-eedtest-data/C1234714691-
EEDTEST/ATL03_20200202001542_05690610_005_01.h5.dmrpp attempt: 1).
1680934424|&|261|&|error|&|ERROR: BES Internal Error: DMR++ parse error: No document element found (DMZ.cc:162), current memory usage is 154900 KB.
1680936859|&|16660|&|error|&|CurlUtils::super_easy_perform() - ERROR - Problem with data transfer. Will retry (url: https://harmony.uat.earthdata.nasa.gov/service-results/harmony-uat-eedtest-data/C123471469
1-EEDTEST/ATL03_20200331235733_00830708_005_01.h5.dmrpp attempt: 1).
1680936859|&|3547|&|error|&|CurlUtils::super_easy_perform() - ERROR - Problem with data transfer. Will retry (url: https://harmony.uat.earthdata.nasa.gov/service-results/harmony-uat-eedtest-data/C1234714691
-EEDTEST/ATL03_20200331235733_00830708_005_01.h5.dmrpp attempt: 1).
1680936861|&|16660|&|error|&|ERROR: BES Internal Error: DMR++ parse error: No document element found (DMZ.cc:162), current memory usage is 173008 KB.
1680936861|&|3547|&|error|&|ERROR: BES Internal Error: DMR++ parse error: No document element found (DMZ.cc:162), current memory usage is 155404 KB.
1680936867|&|251|&|error|&|CurlUtils::super_easy_perform() - ERROR - Problem with data transfer. Will retry (url: https://harmony.uat.earthdata.nasa.gov/service-results/harmony-uat-eedtest-data/C1234714691-
EEDTEST/ATL03_20200131230704_05530610_005_01.h5.dmrpp attempt: 1).
1680936869|&|251|&|error|&|ERROR: BES Internal Error: DMR++ parse error: No document element found (DMZ.cc:162), current memory usage is 152512 KB.
1680936873|&|20895|&|error|&|CurlUtils::super_easy_perform() - ERROR - Problem with data transfer. Will retry (url: https://harmony.uat.earthdata.nasa.gov/service-results/harmony-uat-eedtest-data/C123471469
1-EEDTEST/ATL03_20200331235733_00830708_005_01.h5.dmrpp attempt: 1).
1680936874|&|16650|&|error|&|CurlUtils::super_easy_perform() - ERROR - Problem with data transfer. Will retry (url: https://harmony.uat.earthdata.nasa.gov/service-results/harmony-uat-eedtest-data/C123471469
1-EEDTEST/ATL03_20200331235733_00830708_005_01.h5 attempt: 1).
1680936874|&|20895|&|error|&|ERROR: BES Internal Error: DMR++ parse error: No document element found (DMZ.cc:162), current memory usage is 154292 KB.
1680936957|&|3547|&|error|&|CurlUtils::super_easy_perform() - ERROR - Problem with data transfer. Will retry (url: https://harmony.uat.earthdata.nasa.gov/service-results/harmony-uat-eedtest-data/C1234714691
-EEDTEST/ATL03_20200202001542_05690610_005_01.h5.dmrpp attempt: 1).
1680936958|&|3547|&|error|&|ERROR: BES Internal Error: DMR++ parse error: No document element found (DMZ.cc:162), current memory usage is 155404 KB.
1680937084|&|3547|&|error|&|CurlUtils::super_easy_perform() - ERROR - Problem with data transfer. Will retry (url: https://harmony.uat.earthdata.nasa.gov/service-results/harmony-uat-eedtest-data/C1234714691
-EEDTEST/ATL03_20200131224657_05530607_005_01.h5.dmrpp attempt: 1).
1680937085|&|3547|&|error|&|ERROR: BES Internal Error: DMR++ parse error: No document element found (DMZ.cc:162), current memory usage is 155404 KB.
1680937389|&|16658|&|error|&|CurlUtils::super_easy_perform() - ERROR - Problem with data transfer. Will retry (url: https://harmony.uat.earthdata.nasa.gov/service-results/harmony-uat-eedtest-data/C123471469
1-EEDTEST/ATL03_20200202001542_05690610_005_01.h5.dmrpp attempt: 1).
1680937391|&|16658|&|error|&|ERROR: BES Internal Error: DMR++ parse error: No document element found (DMZ.cc:162), current memory usage is 172728 KB.
1680937911|&|16660|&|error|&|CurlUtils::super_easy_perform() - ERROR - Problem with data transfer. Will retry (url: https://harmony.uat.earthdata.nasa.gov/service-results/harmony-uat-eedtest-data/C123471469
1-EEDTEST/ATL03_20200131230704_05530610_005_01.h5.dmrpp attempt: 1).
1680937913|&|16660|&|error|&|ERROR: BES Internal Error: DMR++ parse error: No document element found (DMZ.cc:162), current memory usage is 173728 KB.
1680938351|&|16657|&|error|&|CurlUtils::eval_curl_easy_perform_code() - ERROR - cURL experienced a CURLE_SSL_CONNECT_ERROR error. Message: 'cURL_error_buffer: 'OpenSSL SSL_connect: SSL_ERROR_SYSCALL in conn
ection to harmony.uat.earthdata.nasa.gov:443 ' cURL_message: 'SSL connect error' (code: 35)' CURLINFO_EFFECTIVE_URL: https://harmony.uat.earthdata.nasa.gov/service-results/harmony-uat-eedtest-data/C12347146
91-EEDTEST/ATL03_20200714235814_03000802_005_01.h5.dmrpp A retry may be possible for: https://harmony.uat.earthdata.nasa.gov/service-results/harmony-uat-eedtest-data/C1234714691-EEDTEST/ATL03_20200714235814
_03000802_005_01.h5.dmrpp (attempt: 1).
1680938351|&|16657|&|error|&|CurlUtils::super_easy_perform() - ERROR - Problem with data transfer. Will retry (url: https://harmony.uat.earthdata.nasa.gov/service-results/harmony-uat-eedtest-data/C123471469
1-EEDTEST/ATL03_20200714235814_03000802_005_01.h5.dmrpp attempt: 1).
1680939225|&|16658|&|error|&|CurlUtils::super_easy_perform() - ERROR - Problem with data transfer. Will retry (url: https://harmony.uat.earthdata.nasa.gov/service-results/harmony-uat-eedtest-data/C123471469
1-EEDTEST/ATL03_20200714235814_03000802_005_01.h5 attempt: 1).
1680939642|&|20895|&|error|&|CurlUtils::super_easy_perform() - ERROR - Problem with data transfer. Will retry (url: https://harmony.uat.earthdata.nasa.gov/service-results/harmony-uat-eedtest-data/C123471469
1-EEDTEST/ATL03_20200714235814_03000802_005_01.h5.dmrpp attempt: 1).
1680939644|&|20895|&|error|&|ERROR: BES Internal Error: DMR++ parse error: No document element found (DMZ.cc:162), current memory usage is 154556 KB.
1680941744|&|251|&|error|&|CurlUtils::super_easy_perform() - ERROR - Problem with data transfer. Will retry (url: https://harmony.uat.earthdata.nasa.gov/service-results/harmony-uat-eedtest-data/C1234714691-
EEDTEST/ATL03_20200202001542_05690610_005_01.h5 attempt: 1).
1680941749|&|16681|&|error|&|CurlUtils::super_easy_perform() - ERROR - Problem with data transfer. Will retry (url: https://harmony.uat.earthdata.nasa.gov/service-results/harmony-uat-eedtest-data/C123471469
1-EEDTEST/ATL03_20200131224657_05530607_005_01.h5.dmrpp attempt: 1).
1680941750|&|16681|&|error|&|CurlUtils::super_easy_perform() - ERROR - Problem with data transfer. Will retry (url: https://harmony.uat.earthdata.nasa.gov/service-results/harmony-uat-eedtest-data/C123471469
1-EEDTEST/ATL03_20200131224657_05530607_005_01.h5.dmrpp attempt: 2).
1680941752|&|16681|&|error|&|ERROR: BES Internal Error: DMR++ parse error: No document element found (DMZ.cc:162), current memory usage is 161600 KB.
1680942032|&|16685|&|error|&|CurlUtils::super_easy_perform() - ERROR - Problem with data transfer. Will retry (url: https://harmony.uat.earthdata.nasa.gov/service-results/harmony-uat-eedtest-data/C123471469
1-EEDTEST/ATL03_20200714235814_03000802_005_01.h5.dmrpp attempt: 1).
1680942034|&|16685|&|error|&|ERROR: BES Internal Error: DMR++ parse error: No document element found (DMZ.cc:162), current memory usage is 153664 KB.
1680943558|&|251|&|error|&|PPTConnection::receive() - Failed to read chunk header
1680943601|&|16658|&|error|&|CurlUtils::super_easy_perform() - ERROR - Problem with data transfer. Will retry (url: https://harmony.uat.earthdata.nasa.gov/service-results/harmony-uat-eedtest-data/C123471469
1-EEDTEST/ATL03_20200714235814_03000802_005_01.h5.dmrpp attempt: 1).
1680943603|&|16658|&|error|&|ERROR: BES Internal Error: DMR++ parse error: No document element found (DMZ.cc:162), current memory usage is 172728 KB.
1680943748|&|259|&|error|&|PPTConnection::receive() - Failed to read chunk header
1680943808|&|20895|&|error|&|CurlUtils::super_easy_perform() - ERROR - Problem with data transfer. Will retry (url: https://harmony.uat.earthdata.nasa.gov/service-results/harmony-uat-eedtest-data/C123471469
1-EEDTEST/ATL03_20200131224657_05530607_005_01.h5.dmrpp attempt: 1).
1680943809|&|20895|&|error|&|ERROR: BES Internal Error: DMR++ parse error: No document element found (DMZ.cc:162), current memory usage is 154744 KB.
1680943824|&|261|&|error|&|PPTConnection::receive() - Failed to read chunk header
1680943936|&|3547|&|error|&|PPTConnection::receive() - Failed to read chunk header
1680943985|&|16042|&|error|&|CurlUtils::super_easy_perform() - ERROR - Problem with data transfer. Will retry (url: https://harmony.uat.earthdata.nasa.gov/service-results/harmony-uat-eedtest-data/C123471469
1-EEDTEST/ATL03_20200131224657_05530607_005_01.h5.dmrpp attempt: 1).
1680943986|&|16042|&|error|&|ERROR: BES Internal Error: DMR++ parse error: No document element found (DMZ.cc:162), current memory usage is 171696 KB.
1680945342|&|20895|&|error|&|CurlUtils::super_easy_perform() - ERROR - Problem with data transfer. Will retry (url: https://harmony.uat.earthdata.nasa.gov/service-results/harmony-uat-eedtest-data/C123471469
1-EEDTEST/ATL03_20200331235733_00830708_005_01.h5.dmrpp attempt: 1).
1680945344|&|20895|&|error|&|ERROR: BES Internal Error: DMR++ parse error: No document element found (DMZ.cc:162), current memory usage is 154744 KB.
1680946405|&|16042|&|error|&|CurlUtils::super_easy_perform() - ERROR - Problem with data transfer. Will retry (url: https://harmony.uat.earthdata.nasa.gov/service-results/harmony-uat-eedtest-data/C123471469
1-EEDTEST/ATL03_20200714235814_03000802_005_01.h5 attempt: 1).
1680946719|&|16657|&|error|&|PPTConnection::receive() - Failed to read chunk header
1680946782|&|16660|&|error|&|PPTConnection::receive() - Failed to read chunk header
1680946785|&|16655|&|error|&|PPTConnection::receive() - Failed to read chunk header
1680946804|&|16324|&|error|&|PPTConnection::receive() - Failed to read chunk header
1680946855|&|16685|&|error|&|PPTConnection::receive() - Failed to read chunk header
1680946912|&|16042|&|error|&|PPTConnection::receive() - Failed to read chunk header
1680946916|&|16658|&|error|&|PPTConnection::receive() - Failed to read chunk header
1680946920|&|16683|&|error|&|PPTConnection::receive() - Failed to read chunk header
1680946920|&|20501|&|error|&|PPTConnection::receive() - Failed to read chunk header
1680946935|&|16681|&|error|&|PPTConnection::receive() - Failed to read chunk header
1680946950|&|16650|&|error|&|PPTConnection::receive() - Failed to read chunk header
1680948588|&|20895|&|error|&|PPTConnection::receive() - Failed to read chunk header
1680949823|&|8892|&|error|&|CurlUtils::eval_curl_easy_perform_code() - ERROR - cURL experienced a CURLE_SSL_CONNECT_ERROR error. Message: 'cURL_error_buffer: 'OpenSSL SSL_connect: SSL_ERROR_SYSCALL in conne
ction to cmr.uat.earthdata.nasa.gov:443 ' cURL_message: 'SSL connect error' (code: 35)' CURLINFO_EFFECTIVE_URL: https://cmr.uat.earthdata.nasa.gov/search/granules.umm_json_v1_4?collection_concept_id=C123471
4691-EEDTEST&granule_ur=SC%3AATL03.005%3A225458691 A retry may be possible for: https://cmr.uat.earthdata.nasa.gov/search/granules.umm_json_v1_4?collection_concept_id=C1234714691-EEDTEST&granule_ur=SC%3AATL
03.005%3A225458691 (attempt: 1).
1680949823|&|8892|&|error|&|CurlUtils::super_easy_perform() - ERROR - Problem with data transfer. Will retry (url: https://cmr.uat.earthdata.nasa.gov/search/granules.umm_json_v1_4?collection_concept_id=C123
4714691-EEDTEST&granule_ur=SC%3AATL03.005%3A225458691 attempt: 1).
1680949823|&|9724|&|error|&|CurlUtils::eval_curl_easy_perform_code() - ERROR - cURL experienced a CURLE_SSL_CONNECT_ERROR error. Message: 'cURL_error_buffer: 'OpenSSL SSL_connect: SSL_ERROR_SYSCALL in conne
ction to harmony.uat.earthdata.nasa.gov:443 ' cURL_message: 'SSL connect error' (code: 35)' CURLINFO_EFFECTIVE_URL: https://harmony.uat.earthdata.nasa.gov/service-results/harmony-uat-eedtest-data/C123471469
1-EEDTEST/ATL03_20200131224657_05530607_005_01.h5.dmrpp A retry may be possible for: https://harmony.uat.earthdata.nasa.gov/service-results/harmony-uat-eedtest-data/C1234714691-EEDTEST/ATL03_20200131224657_
05530607_005_01.h5.dmrpp (attempt: 1).
1680949823|&|9724|&|error|&|CurlUtils::super_easy_perform() - ERROR - Problem with data transfer. Will retry (url: https://harmony.uat.earthdata.nasa.gov/service-results/harmony-uat-eedtest-data/C1234714691
-EEDTEST/ATL03_20200131224657_05530607_005_01.h5.dmrpp attempt: 1).
1680949823|&|23147|&|error|&|CurlUtils::super_easy_perform() - ERROR - Problem with data transfer. Will retry (url: https://harmony.uat.earthdata.nasa.gov/service-results/harmony-uat-eedtest-data/C123471469
1-EEDTEST/ATL03_20200131224657_05530607_005_01.h5.dmrpp attempt: 1).
1680949825|&|23147|&|error|&|ERROR: BES Internal Error: DMR++ parse error: No document element found (DMZ.cc:162), current memory usage is 149340 KB.
1680951902|&|4232|&|error|&|CurlUtils::super_easy_perform() - ERROR - Problem with data transfer. Will retry (url: https://harmony.uat.earthdata.nasa.gov/service-results/harmony-uat-eedtest-data/C1234714691
-EEDTEST/ATL03_20200331235733_00830708_005_01.h5.dmrpp attempt: 1).
1680951904|&|4232|&|error|&|ERROR: BES Internal Error: DMR++ parse error: No document element found (DMZ.cc:162), current memory usage is 148792 KB.
1680952185|&|13594|&|error|&|CurlUtils::super_easy_perform() - ERROR - Problem with data transfer. Will retry (url: https://harmony.uat.earthdata.nasa.gov/service-results/harmony-uat-eedtest-data/C123471469
1-EEDTEST/ATL03_20200131224657_05530607_005_01.h5.dmrpp attempt: 1).
1680952186|&|13594|&|error|&|ERROR: BES Internal Error: DMR++ parse error: No document element found (DMZ.cc:162), current memory usage is 148628 KB.
1680952403|&|8892|&|error|&|CurlUtils::super_easy_perform() - ERROR - Problem with data transfer. Will retry (url: https://harmony.uat.earthdata.nasa.gov/service-results/harmony-uat-eedtest-data/C1234714691
-EEDTEST/ATL03_20200131224657_05530607_005_01.h5.dmrpp attempt: 1).
1680952405|&|8892|&|error|&|ERROR: BES Internal Error: DMR++ parse error: No document element found (DMZ.cc:162), current memory usage is 149076 KB.
1680952407|&|13585|&|error|&|CurlUtils::super_easy_perform() - ERROR - Problem with data transfer. Will retry (url: https://harmony.uat.earthdata.nasa.gov/service-results/harmony-uat-eedtest-data/C123471469
1-EEDTEST/ATL03_20200131224657_05530607_005_01.h5.dmrpp attempt: 1).
1680952409|&|4234|&|error|&|CurlUtils::super_easy_perform() - ERROR - Problem with data transfer. Will retry (url: https://harmony.uat.earthdata.nasa.gov/service-results/harmony-uat-eedtest-data/C1234714691
-EEDTEST/ATL03_20200131224657_05530607_005_01.h5.dmrpp attempt: 1).
1680952409|&|13585|&|error|&|ERROR: BES Internal Error: DMR++ parse error: No document element found (DMZ.cc:162), current memory usage is 146268 KB.
1680952410|&|4234|&|error|&|ERROR: BES Internal Error: DMR++ parse error: No document element found (DMZ.cc:162), current memory usage is 152160 KB.
1680952754|&|11164|&|error|&|CurlUtils::super_easy_perform() - ERROR - Problem with data transfer. Will retry (url: https://harmony.uat.earthdata.nasa.gov/service-results/harmony-uat-eedtest-data/C123471469
1-EEDTEST/ATL03_20200131233411_05530614_005_01.h5.dmrpp attempt: 1).
1680952756|&|11164|&|error|&|ERROR: BES Internal Error: DMR++ parse error: No document element found (DMZ.cc:162), current memory usage is 148620 KB.
1680952813|&|11164|&|error|&|CurlUtils::super_easy_perform() - ERROR - Problem with data transfer. Will retry (url: https://harmony.uat.earthdata.nasa.gov/service-results/harmony-uat-eedtest-data/C123471469
1-EEDTEST/ATL03_20200131224657_05530607_005_01.h5.dmrpp attempt: 1).
1680952815|&|11164|&|error|&|ERROR: BES Internal Error: DMR++ parse error: No document element found (DMZ.cc:162), current memory usage is 148620 KB.
1680953211|&|2687|&|error|&|CurlUtils::super_easy_perform() - ERROR - Problem with data transfer. Will retry (url: https://harmony.uat.earthdata.nasa.gov/service-results/harmony-uat-eedtest-data/C1234714691
-EEDTEST/ATL03_20200131230704_05530610_005_01.h5.dmrpp attempt: 1).
1680953213|&|2687|&|error|&|ERROR: BES Internal Error: DMR++ parse error: No document element found (DMZ.cc:162), current memory usage is 147256 KB.
1680953360|&|5552|&|error|&|CurlUtils::super_easy_perform() - ERROR - Problem with data transfer. Will retry (url: https://harmony.uat.earthdata.nasa.gov/service-results/harmony-uat-eedtest-data/C1234714691
-EEDTEST/ATL03_20200202001542_05690610_005_01.h5.dmrpp attempt: 1).
1680953362|&|5552|&|error|&|ERROR: BES Internal Error: DMR++ parse error: No document element found (DMZ.cc:162), current memory usage is 149184 KB.
1680954437|&|11164|&|error|&|CurlUtils::eval_curl_easy_perform_code() - ERROR - cURL experienced a CURLE_SSL_CONNECT_ERROR error. Message: 'cURL_error_buffer: 'OpenSSL SSL_connect: SSL_ERROR_SYSCALL in conn
ection to harmony.uat.earthdata.nasa.gov:443 ' cURL_message: 'SSL connect error' (code: 35)' CURLINFO_EFFECTIVE_URL: https://harmony.uat.earthdata.nasa.gov/service-results/harmony-uat-eedtest-data/C12347146
91-EEDTEST/ATL03_20200131224657_05530607_005_01.h5.dmrpp A retry may be possible for: https://harmony.uat.earthdata.nasa.gov/service-results/harmony-uat-eedtest-data/C1234714691-EEDTEST/ATL03_20200131224657
_05530607_005_01.h5.dmrpp (attempt: 1).
1680954437|&|11164|&|error|&|CurlUtils::super_easy_perform() - ERROR - Problem with data transfer. Will retry (url: https://harmony.uat.earthdata.nasa.gov/service-results/harmony-uat-eedtest-data/C123471469
1-EEDTEST/ATL03_20200131224657_05530607_005_01.h5.dmrpp attempt: 1).
1680954485|&|20704|&|error|&|CurlUtils::super_easy_perform() - ERROR - Problem with data transfer. Will retry (url: https://harmony.uat.earthdata.nasa.gov/service-results/harmony-uat-eedtest-data/C123471469
1-EEDTEST/ATL03_20200131224657_05530607_005_01.h5.dmrpp attempt: 1).
1680954486|&|20704|&|error|&|ERROR: BES Internal Error: DMR++ parse error: No document element found (DMZ.cc:162), current memory usage is 150732 KB.
1680954640|&|9724|&|error|&|CurlUtils::super_easy_perform() - ERROR - Problem with data transfer. Will retry (url: https://harmony.uat.earthdata.nasa.gov/service-results/harmony-uat-eedtest-data/C1234714691
-EEDTEST/ATL03_20200131224657_05530607_005_01.h5.dmrpp attempt: 1).
1680954642|&|9724|&|error|&|ERROR: BES Internal Error: DMR++ parse error: No document element found (DMZ.cc:162), current memory usage is 151004 KB.
1680954754|&|13585|&|error|&|CurlUtils::super_easy_perform() - ERROR - Problem with data transfer. Will retry (url: https://harmony.uat.earthdata.nasa.gov/service-results/harmony-uat-eedtest-data/C123471469
1-EEDTEST/ATL03_20200331235733_00830708_005_01.h5.dmrpp attempt: 1).
1680954755|&|13585|&|error|&|ERROR: BES Internal Error: DMR++ parse error: No document element found (DMZ.cc:162), current memory usage is 149808 KB.
1680954816|&|9724|&|error|&|CurlUtils::super_easy_perform() - ERROR - Problem with data transfer. Will retry (url: https://harmony.uat.earthdata.nasa.gov/service-results/harmony-uat-eedtest-data/C1234714691
-EEDTEST/ATL03_20200131233411_05530614_005_01.h5.dmrpp attempt: 1).
1680954818|&|9724|&|error|&|ERROR: BES Internal Error: DMR++ parse error: No document element found (DMZ.cc:162), current memory usage is 151004 KB.
1680955066|&|11164|&|error|&|CurlUtils::super_easy_perform() - ERROR - Problem with data transfer. Will retry (url: https://harmony.uat.earthdata.nasa.gov/service-results/harmony-uat-eedtest-data/C123471469
1-EEDTEST/ATL03_20200131224657_05530607_005_01.h5.dmrpp attempt: 1).
1680955069|&|11164|&|error|&|ERROR: BES Internal Error: DMR++ parse error: No document element found (DMZ.cc:162), current memory usage is 149884 KB.
1680955095|&|11153|&|error|&|CurlUtils::super_easy_perform() - ERROR - Problem with data transfer. Will retry (url: https://harmony.uat.earthdata.nasa.gov/service-results/harmony-uat-eedtest-data/C123471469
1-EEDTEST/ATL03_20200131224657_05530607_005_01.h5.dmrpp attempt: 1).
1680955097|&|11153|&|error|&|ERROR: BES Internal Error: DMR++ parse error: No document element found (DMZ.cc:162), current memory usage is 149364 KB.
1680955260|&|20704|&|error|&|CurlUtils::super_easy_perform() - ERROR - Problem with data transfer. Will retry (url: https://harmony.uat.earthdata.nasa.gov/service-results/harmony-uat-eedtest-data/C123471469
1-EEDTEST/ATL03_20200131234815_05540602_005_01.h5.dmrpp attempt: 1).
1680955263|&|20704|&|error|&|ERROR: BES Internal Error: DMR++ parse error: No document element found (DMZ.cc:162), current memory usage is 151112 KB.
1680955605|&|13594|&|error|&|CurlUtils::super_easy_perform() - ERROR - Problem with data transfer. Will retry (url: https://harmony.uat.earthdata.nasa.gov/service-results/harmony-uat-eedtest-data/C123471469
1-EEDTEST/ATL03_20200331235733_00830708_005_01.h5.dmrpp attempt: 1).
1680955607|&|13594|&|error|&|ERROR: BES Internal Error: DMR++ parse error: No document element found (DMZ.cc:162), current memory usage is 171228 KB.
[root@e37dc70f9df5 /]#