root@c04cc6b44d7d /]# cat /var/log/bes/cleanup.log
########################################################################################
# Begin Pass: 1 (Fri Apr 7 22:32:04 UTC 2023)
########################################################################################
# Begin Pass: 2 (Fri Apr 7 23:02:04 UTC 2023)
########################################################################################
# Begin Pass: 3 (Fri Apr 7 23:32:04 UTC 2023)
########################################################################################
# Begin Pass: 4 (Sat Apr 8 00:02:04 UTC 2023)
########################################################################################
# Begin Pass: 5 (Sat Apr 8 00:32:04 UTC 2023)
# - - - - - - - - - - - - - - - - - - - - - - - - - - - - - - - - - - - - - - - - - - -
# Begin cleanup of /tmp/bes_rr_tmp (Sat Apr 8 00:32:04 UTC 2023)
#
Sat Apr 8 00:32:04 UTC 2023 removed: -rw------- 1 bes bes 3178182 Apr  7 23:28 /tmp/bes_rr_tmp/bes_util_CUsoWw_#ATL03_20200131224657_05530607_005_01.h5.dmrpp
Sat Apr 8 00:32:04 UTC 2023 removed: -rw------- 1 bes bes 3178182 Apr  7 23:28 /tmp/bes_rr_tmp/bes_util_YJAyJB_#ATL03_20200131224657_05530607_005_01.h5.dmrpp
Sat Apr 8 00:32:04 UTC 2023 removed: -rw------- 1 bes bes 3178182 Apr  7 23:28 /tmp/bes_rr_tmp/bes_util_7fISwV_#ATL03_20200131224657_05530607_005_01.h5.dmrpp
Sat Apr 8 00:32:04 UTC 2023 removed: -rw------- 1 bes bes 3178182 Apr  7 23:28 /tmp/bes_rr_tmp/bes_util_2K1NsB_#ATL03_20200131224657_05530607_005_01.h5.dmrpp
Sat Apr 8 00:32:04 UTC 2023 removed: -rw------- 1 bes bes 3178182 Apr  7 23:28 /tmp/bes_rr_tmp/bes_util_Cu2FPn_#ATL03_20200131224657_05530607_005_01.h5.dmrpp
Sat Apr 8 00:32:04 UTC 2023 removed: -rw------- 1 bes bes 3178182 Apr  7 23:26 /tmp/bes_rr_tmp/bes_util_gLg686_#ATL03_20200131224657_05530607_005_01.h5.dmrpp
Sat Apr 8 00:32:04 UTC 2023 removed: -rw------- 1 bes bes 3178182 Apr  7 23:28 /tmp/bes_rr_tmp/bes_util_9kPZPR_#ATL03_20200131224657_05530607_005_01.h5.dmrpp
Sat Apr 8 00:32:04 UTC 2023 removed: -rw------- 1 bes bes 3178182 Apr  7 23:28 /tmp/bes_rr_tmp/bes_util_uO7vFG_#ATL03_20200131224657_05530607_005_01.h5.dmrpp
Sat Apr 8 00:32:04 UTC 2023 removed: -rw------- 1 bes bes 3178182 Apr  7 23:28 /tmp/bes_rr_tmp/bes_util_XNhEhN_#ATL03_20200131224657_05530607_005_01.h5.dmrpp
Sat Apr 8 00:32:04 UTC 2023 removed: -rw------- 1 bes bes 3178182 Apr  7 23:28 /tmp/bes_rr_tmp/bes_util_DtDiO0_#ATL03_20200131224657_05530607_005_01.h5.dmrpp
Sat Apr 8 00:32:04 UTC 2023 removed: -rw------- 1 bes bes 3178182 Apr  7 23:28 /tmp/bes_rr_tmp/bes_util_ysepRK_#ATL03_20200131224657_05530607_005_01.h5.dmrpp
Sat Apr 8 00:32:04 UTC 2023 removed: -rw------- 1 bes bes 3178182 Apr  7 23:28 /tmp/bes_rr_tmp/bes_util_13QyaC_#ATL03_20200131224657_05530607_005_01.h5.dmrpp
#
# End cleanup of /tmp/bes_rr_tmp (Sat Apr 8 00:32:04 UTC 2023)
########################################################################################
# Begin Pass: 6 (Sat Apr 8 01:02:04 UTC 2023)
# - - - - - - - - - - - - - - - - - - - - - - - - - - - - - - - - - - - - - - - - - - -
# Begin cleanup of /tmp/bes_rr_tmp (Sat Apr 8 01:02:04 UTC 2023)
#
Sat Apr 8 01:02:04 UTC 2023 removed: -rw------- 1 bes bes 6472709 Apr  7 23:59 /tmp/bes_rr_tmp/bes_util_OBEHY3_#ATL03_20200202001542_05690610_005_01.h5.dmrpp
Sat Apr 8 01:02:04 UTC 2023 removed: -rw------- 1 bes bes 6472709 Apr  7 23:59 /tmp/bes_rr_tmp/bes_util_Cn8T63_#ATL03_20200202001542_05690610_005_01.h5.dmrpp
Sat Apr 8 01:02:04 UTC 2023 removed: -rw------- 1 bes bes 6472709 Apr  7 23:59 /tmp/bes_rr_tmp/bes_util_SN9PWx_#ATL03_20200202001542_05690610_005_01.h5.dmrpp
Sat Apr 8 01:02:04 UTC 2023 removed: -rw------- 1 bes bes 6472709 Apr  7 23:59 /tmp/bes_rr_tmp/bes_util_zsx6Zp_#ATL03_20200202001542_05690610_005_01.h5.dmrpp
Sat Apr 8 01:02:04 UTC 2023 removed: -rw------- 1 bes bes 6472709 Apr  7 23:59 /tmp/bes_rr_tmp/bes_util_NgcCny_#ATL03_20200202001542_05690610_005_01.h5.dmrpp
Sat Apr 8 01:02:04 UTC 2023 removed: -rw------- 1 bes bes 6472709 Apr  7 23:59 /tmp/bes_rr_tmp/bes_util_OG1AT8_#ATL03_20200202001542_05690610_005_01.h5.dmrpp
Sat Apr 8 01:02:04 UTC 2023 removed: -rw------- 1 bes bes 6472709 Apr  7 23:59 /tmp/bes_rr_tmp/bes_util_fUDIjh_#ATL03_20200202001542_05690610_005_01.h5.dmrpp
Sat Apr 8 01:02:04 UTC 2023 removed: -rw------- 1 bes bes 8812400 Apr  7 23:59 /tmp/bes_rr_tmp/bes_util_dHhjL3_#ATL03_20200131230704_05530610_005_01.h5.dmrpp
Sat Apr 8 01:02:04 UTC 2023 removed: -rw------- 1 bes bes 8812400 Apr  7 23:59 /tmp/bes_rr_tmp/bes_util_UxCZEl_#ATL03_20200131230704_05530610_005_01.h5.dmrpp
Sat Apr 8 01:02:04 UTC 2023 removed: -rw------- 1 bes bes 6472709 Apr  7 23:59 /tmp/bes_rr_tmp/bes_util_VldtxM_#ATL03_20200202001542_05690610_005_01.h5.dmrpp
Sat Apr 8 01:02:04 UTC 2023 removed: -rw------- 1 bes bes 6472709 Apr  7 23:59 /tmp/bes_rr_tmp/bes_util_KvLnYd_#ATL03_20200202001542_05690610_005_01.h5.dmrpp
Sat Apr 8 01:02:04 UTC 2023 removed: -rw------- 1 bes bes 6472709 Apr  7 23:59 /tmp/bes_rr_tmp/bes_util_nrdmz2_#ATL03_20200202001542_05690610_005_01.h5.dmrpp
Sat Apr 8 01:02:04 UTC 2023 removed: -rw------- 1 bes bes 6472709 Apr  7 23:59 /tmp/bes_rr_tmp/bes_util_KRd4pn_#ATL03_20200202001542_05690610_005_01.h5.dmrpp
Sat Apr 8 01:02:04 UTC 2023 removed: -rw------- 1 bes bes 8812400 Apr  7 23:59 /tmp/bes_rr_tmp/bes_util_cwQmOy_#ATL03_20200131230704_05530610_005_01.h5.dmrpp
Sat Apr 8 01:02:04 UTC 2023 removed: -rw------- 1 bes bes 6472709 Apr  7 23:59 /tmp/bes_rr_tmp/bes_util_wl2hx2_#ATL03_20200202001542_05690610_005_01.h5.dmrpp
#
# End cleanup of /tmp/bes_rr_tmp (Sat Apr 8 01:02:04 UTC 2023)
########################################################################################
# Begin Pass: 7 (Sat Apr 8 01:32:04 UTC 2023)
########################################################################################
# Begin Pass: 8 (Sat Apr 8 02:02:04 UTC 2023)
########################################################################################
# Begin Pass: 9 (Sat Apr 8 02:32:04 UTC 2023)
########################################################################################
# Begin Pass: 10 (Sat Apr 8 03:02:04 UTC 2023)
########################################################################################
# Begin Pass: 11 (Sat Apr 8 03:32:04 UTC 2023)
########################################################################################
# Begin Pass: 12 (Sat Apr 8 04:02:04 UTC 2023)
########################################################################################
# Begin Pass: 13 (Sat Apr 8 04:32:04 UTC 2023)
########################################################################################
# Begin Pass: 14 (Sat Apr 8 05:02:05 UTC 2023)
########################################################################################
# Begin Pass: 15 (Sat Apr 8 05:32:05 UTC 2023)
########################################################################################
# Begin Pass: 16 (Sat Apr 8 06:02:05 UTC 2023)
########################################################################################
# Begin Pass: 17 (Sat Apr 8 06:32:05 UTC 2023)
########################################################################################
# Begin Pass: 18 (Sat Apr 8 07:02:05 UTC 2023)
# - - - - - - - - - - - - - - - - - - - - - - - - - - - - - - - - - - - - - - - - - - -
# Begin cleanup of /tmp/bes_rr_tmp (Sat Apr 8 07:02:05 UTC 2023)
#
Sat Apr 8 07:02:05 UTC 2023 removed: -rw------- 1 bes bes 22140759 Apr  8 05:49 /tmp/bes_rr_tmp/bes_util_7MBHcc_#ATL03_20200714235814_03000802_005_01.h5.dmrpp
Sat Apr 8 07:02:05 UTC 2023 removed: -rw------- 1 bes bes 0 Apr  8 05:49 /tmp/bes_rr_tmp/bes_util_M9OuYS
Sat Apr 8 07:02:05 UTC 2023 removed: -rw------- 1 bes bes 0 Apr  8 05:49 /tmp/bes_rr_tmp/bes_util_X9Ox0l
Sat Apr 8 07:02:05 UTC 2023 removed: -rw------- 1 bes bes 6472709 Apr  8 05:49 /tmp/bes_rr_tmp/bes_util_GN4M63_#ATL03_20200202001542_05690610_005_01.h5.dmrpp
#
# End cleanup of /tmp/bes_rr_tmp (Sat Apr 8 07:02:05 UTC 2023)
########################################################################################
# Begin Pass: 19 (Sat Apr 8 07:32:05 UTC 2023)
########################################################################################
# Begin Pass: 20 (Sat Apr 8 08:02:05 UTC 2023)
# - - - - - - - - - - - - - - - - - - - - - - - - - - - - - - - - - - - - - - - - - - -
# Begin cleanup of /tmp/bes_rr_tmp (Sat Apr 8 08:02:05 UTC 2023)
#
Sat Apr 8 08:02:05 UTC 2023 removed: -rw------- 1 bes bes 0 Apr  8 06:54 /tmp/bes_rr_tmp/bes_util_NlACht
Sat Apr 8 08:02:05 UTC 2023 removed: -rw------- 1 bes bes 0 Apr  8 06:54 /tmp/bes_rr_tmp/bes_util_iErvKh
Sat Apr 8 08:02:05 UTC 2023 removed: -rw------- 1 bes bes 3178182 Apr  8 06:54 /tmp/bes_rr_tmp/bes_util_XHGHlV_#ATL03_20200131224657_05530607_005_01.h5.dmrpp
Sat Apr 8 08:02:05 UTC 2023 removed: -rw------- 1 bes bes 3178182 Apr  8 06:54 /tmp/bes_rr_tmp/bes_util_gHDxFE_#ATL03_20200131224657_05530607_005_01.h5.dmrpp
Sat Apr 8 08:02:05 UTC 2023 removed: -rw------- 1 bes bes 0 Apr  8 06:54 /tmp/bes_rr_tmp/bes_util_uaT4sr
#
# End cleanup of /tmp/bes_rr_tmp (Sat Apr 8 08:02:05 UTC 2023)
########################################################################################
# Begin Pass: 21 (Sat Apr 8 08:32:05 UTC 2023)
########################################################################################
# Begin Pass: 22 (Sat Apr 8 09:02:05 UTC 2023)
########################################################################################
# Begin Pass: 23 (Sat Apr 8 09:32:05 UTC 2023)
########################################################################################
# Begin Pass: 24 (Sat Apr 8 10:02:05 UTC 2023)
# - - - - - - - - - - - - - - - - - - - - - - - - - - - - - - - - - - - - - - - - - - -
# Begin cleanup of /tmp/bes_rr_tmp (Sat Apr 8 10:02:05 UTC 2023)
#
Sat Apr 8 10:02:05 UTC 2023 removed: -rw------- 1 bes bes 3178182 Apr  8 08:36 /tmp/bes_rr_tmp/bes_util_QcKo5j_#ATL03_20200131224657_05530607_005_01.h5.dmrpp
Sat Apr 8 10:02:05 UTC 2023 removed: -rw------- 1 bes bes 6472709 Apr  8 08:41 /tmp/bes_rr_tmp/bes_util_1nm3q1_#ATL03_20200202001542_05690610_005_01.h5.dmrpp
#
# End cleanup of /tmp/bes_rr_tmp (Sat Apr 8 10:02:05 UTC 2023)
########################################################################################
# Begin Pass: 25 (Sat Apr 8 10:32:05 UTC 2023)
# - - - - - - - - - - - - - - - - - - - - - - - - - - - - - - - - - - - - - - - - - - -
# Begin cleanup of /tmp/bes_rr_tmp (Sat Apr 8 10:32:05 UTC 2023)
#
Sat Apr 8 10:32:05 UTC 2023 removed: -rw------- 1 bes bes 6472709 Apr  8 09:24 /tmp/bes_rr_tmp/bes_util_OhXCoK_#ATL03_20200202001542_05690610_005_01.h5.dmrpp
Sat Apr 8 10:32:05 UTC 2023 removed: -rw------- 1 bes bes 13962513 Apr  8 09:24 /tmp/bes_rr_tmp/bes_util_uFR4gG_#ATL03_20200131234815_05540602_005_01.h5.dmrpp
Sat Apr 8 10:32:05 UTC 2023 removed: -rw------- 1 bes bes 6472709 Apr  8 09:22 /tmp/bes_rr_tmp/bes_util_tkwGjf_#ATL03_20200202001542_05690610_005_01.h5.dmrpp
#
# End cleanup of /tmp/bes_rr_tmp (Sat Apr 8 10:32:05 UTC 2023)
########################################################################################
# Begin Pass: 26 (Sat Apr 8 11:02:05 UTC 2023)
# - - - - - - - - - - - - - - - - - - - - - - - - - - - - - - - - - - - - - - - - - - -
# Begin cleanup of /tmp/bes_rr_tmp (Sat Apr 8 11:02:05 UTC 2023)
#
Sat Apr 8 11:02:05 UTC 2023 removed: -rw------- 1 bes bes 3178182 Apr  8 09:39 /tmp/bes_rr_tmp/bes_util_35KVTF_#ATL03_20200131224657_05530607_005_01.h5.dmrpp
Sat Apr 8 11:02:05 UTC 2023 removed: -rw------- 1 bes bes 6472709 Apr  8 09:40 /tmp/bes_rr_tmp/bes_util_kuhAfy_#ATL03_20200202001542_05690610_005_01.h5.dmrpp
Sat Apr 8 11:02:05 UTC 2023 removed: -rw------- 1 bes bes 3803834 Apr  8 09:41 /tmp/bes_rr_tmp/bes_util_pQVDzA_#ATL03_20200131233411_05530614_005_01.h5.dmrpp
Sat Apr 8 11:02:05 UTC 2023 removed: -rw------- 1 bes bes 3178182 Apr  8 09:41 /tmp/bes_rr_tmp/bes_util_m0cqEn_#ATL03_20200131224657_05530607_005_01.h5.dmrpp
Sat Apr 8 11:02:05 UTC 2023 removed: -rw------- 1 bes bes 3504046 Apr  8 09:42 /tmp/bes_rr_tmp/bes_util_8D5lp5_#ATL03_20200331235733_00830708_005_01.h5.dmrpp
Sat Apr 8 11:02:05 UTC 2023 removed: -rw------- 1 bes bes 3178182 Apr  8 09:40 /tmp/bes_rr_tmp/bes_util_BopHQS_#ATL03_20200131224657_05530607_005_01.h5.dmrpp
#
# End cleanup of /tmp/bes_rr_tmp (Sat Apr 8 11:02:05 UTC 2023)
########################################################################################
# Begin Pass: 27 (Sat Apr 8 11:32:05 UTC 2023)
########################################################################################
# Begin Pass: 28 (Sat Apr 8 12:02:05 UTC 2023)
########################################################################################
# Begin Pass: 29 (Sat Apr 8 12:32:05 UTC 2023)
# - - - - - - - - - - - - - - - - - - - - - - - - - - - - - - - - - - - - - - - - - - -
# Begin cleanup of /tmp/bes_rr_tmp (Sat Apr 8 12:32:05 UTC 2023)
#
Sat Apr 8 12:32:05 UTC 2023 removed: -rw------- 1 bes bes 0 Apr  8 11:13 /tmp/bes_rr_tmp/bes_util_YyR2UU
#
# End cleanup of /tmp/bes_rr_tmp (Sat Apr 8 12:32:05 UTC 2023)
########################################################################################
# Begin Pass: 30 (Sat Apr 8 13:02:05 UTC 2023)
########################################################################################
# Begin Pass: 31 (Sat Apr 8 13:32:05 UTC 2023)
# - - - - - - - - - - - - - - - - - - - - - - - - - - - - - - - - - - - - - - - - - - -
# Begin cleanup of /tmp/bes_rr_tmp (Sat Apr 8 13:32:05 UTC 2023)
#
Sat Apr 8 13:32:05 UTC 2023 removed: -rw------- 1 bes bes 3178182 Apr  8 12:12 /tmp/bes_rr_tmp/bes_util_TEtakC_#ATL03_20200131224657_05530607_005_01.h5.dmrpp
Sat Apr 8 13:32:05 UTC 2023 removed: -rw------- 1 bes bes 8812400 Apr  8 12:12 /tmp/bes_rr_tmp/bes_util_M2TsX8_#ATL03_20200131230704_05530610_005_01.h5.dmrpp
Sat Apr 8 13:32:05 UTC 2023 removed: -rw------- 1 bes bes 3178182 Apr  8 12:12 /tmp/bes_rr_tmp/bes_util_sEqvOl_#ATL03_20200131224657_05530607_005_01.h5.dmrpp
Sat Apr 8 13:32:05 UTC 2023 removed: -rw------- 1 bes bes 8812400 Apr  8 12:12 /tmp/bes_rr_tmp/bes_util_uy5Sez_#ATL03_20200131230704_05530610_005_01.h5.dmrpp
Sat Apr 8 13:32:05 UTC 2023 removed: -rw------- 1 bes bes 8812400 Apr  8 12:12 /tmp/bes_rr_tmp/bes_util_FmnHo5_#ATL03_20200131230704_05530610_005_01.h5.dmrpp
Sat Apr 8 13:32:05 UTC 2023 removed: -rw------- 1 bes bes 8812400 Apr  8 12:12 /tmp/bes_rr_tmp/bes_util_Ax02js_#ATL03_20200131230704_05530610_005_01.h5.dmrpp
Sat Apr 8 13:32:05 UTC 2023 removed: -rw------- 1 bes bes 3178182 Apr  8 12:12 /tmp/bes_rr_tmp/bes_util_szbHDJ_#ATL03_20200131224657_05530607_005_01.h5.dmrpp
Sat Apr 8 13:32:05 UTC 2023 removed: -rw------- 1 bes bes 8812400 Apr  8 12:12 /tmp/bes_rr_tmp/bes_util_xA77mk_#ATL03_20200131230704_05530610_005_01.h5.dmrpp
Sat Apr 8 13:32:05 UTC 2023 removed: -rw------- 1 bes bes 8812400 Apr  8 12:12 /tmp/bes_rr_tmp/bes_util_Wl2vqE_#ATL03_20200131230704_05530610_005_01.h5.dmrpp
Sat Apr 8 13:32:05 UTC 2023 removed: -rw------- 1 bes bes 8812400 Apr  8 12:12 /tmp/bes_rr_tmp/bes_util_y8Dp39_#ATL03_20200131230704_05530610_005_01.h5.dmrpp
Sat Apr 8 13:32:05 UTC 2023 removed: -rw------- 1 bes bes 8812400 Apr  8 12:12 /tmp/bes_rr_tmp/bes_util_hynARu_#ATL03_20200131230704_05530610_005_01.h5.dmrpp
Sat Apr 8 13:32:05 UTC 2023 removed: -rw------- 1 bes bes 8812400 Apr  8 12:12 /tmp/bes_rr_tmp/bes_util_Gh77N4_#ATL03_20200131230704_05530610_005_01.h5.dmrpp
Sat Apr 8 13:32:05 UTC 2023 removed: -rw------- 1 bes bes 8812400 Apr  8 12:12 /tmp/bes_rr_tmp/bes_util_2q0mKQ_#ATL03_20200131230704_05530610_005_01.h5.dmrpp
Sat Apr 8 13:32:05 UTC 2023 removed: -rw------- 1 bes bes 8812400 Apr  8 12:12 /tmp/bes_rr_tmp/bes_util_nGxzYt_#ATL03_20200131230704_05530610_005_01.h5.dmrpp
Sat Apr 8 13:32:05 UTC 2023 removed: -rw------- 1 bes bes 8812400 Apr  8 12:12 /tmp/bes_rr_tmp/bes_util_c7r233_#ATL03_20200131230704_05530610_005_01.h5.dmrpp
Sat Apr 8 13:32:05 UTC 2023 removed: -rw------- 1 bes bes 3178182 Apr  8 12:12 /tmp/bes_rr_tmp/bes_util_2DdYJj_#ATL03_20200131224657_05530607_005_01.h5.dmrpp
#
# End cleanup of /tmp/bes_rr_tmp (Sat Apr 8 13:32:05 UTC 2023)
########################################################################################
# Begin Pass: 32 (Sat Apr 8 14:02:05 UTC 2023)
########################################################################################
# Begin Pass: 33 (Sat Apr 8 14:32:05 UTC 2023)
########################################################################################
# Begin Pass: 34 (Sat Apr 8 15:02:05 UTC 2023)
########################################################################################
# Begin Pass: 35 (Sat Apr 8 15:32:05 UTC 2023)
########################################################################################
# Begin Pass: 36 (Sat Apr 8 16:02:05 UTC 2023)
[root@c04cc6b44d7d /]#